
**** Build of configuration Debug for project GPS-INS-NAV ****

"C:\\TI\\ccsv6\\utils\\bin\\gmake" -k all 
'Building file: ../infrastructure.c'
'Invoking: ARM Compiler'
"C:/TI/ccsv6/tools/compiler/arm_15.12.3.LTS/bin/armcl" -mv7M4 --code_state=16 --float_support=vfplib -me --include_path="C:/TI/ccsv6/tools/compiler/arm_15.12.3.LTS/include" --include_path="C:/TI/CC3200SDK_1.2.0/cc3200-sdk/third_party/fatfs/src" --include_path="C:/TI/CC3200SDK_1.2.0/cc3200-sdk/common" --include_path="C:/TI/CC3200SDK_1.2.0/cc3200-sdk/inc" --include_path="C:/TI/CC3200SDK_1.2.0/cc3200-sdk/driverlib" --include_path="C:/TI/CC3200SDK_1.2.0/cc3200-sdk/netapps" --include_path="C:/TI/CC3200SDK_1.2.0/cc3200-sdk/netapps/json" --include_path="C:/TI/CC3200SDK_1.2.0/cc3200-sdk/simplelink" --include_path="C:/TI/CC3200SDK_1.2.0/cc3200-sdk/simplelink/include" --include_path="C:/TI/CC3200SDK_1.2.0/cc3200-sdk/simplelink/source" --include_path="C:/TI/CC3200SDK_1.2.0/cc3200-sdk/simplelink_extlib/provisioninglib" -g --define=cc3200 --diag_wrap=off --diag_warning=225 --display_error_number --abi=eabi --preproc_with_compile --preproc_dependency="infrastructure.d"  "../infrastructure.c"
'Finished building: ../infrastructure.c'
' '
'Building file: ../main.c'
'Invoking: ARM Compiler'
"C:/TI/ccsv6/tools/compiler/arm_15.12.3.LTS/bin/armcl" -mv7M4 --code_state=16 --float_support=vfplib -me --include_path="C:/TI/ccsv6/tools/compiler/arm_15.12.3.LTS/include" --include_path="C:/TI/CC3200SDK_1.2.0/cc3200-sdk/third_party/fatfs/src" --include_path="C:/TI/CC3200SDK_1.2.0/cc3200-sdk/common" --include_path="C:/TI/CC3200SDK_1.2.0/cc3200-sdk/inc" --include_path="C:/TI/CC3200SDK_1.2.0/cc3200-sdk/driverlib" --include_path="C:/TI/CC3200SDK_1.2.0/cc3200-sdk/netapps" --include_path="C:/TI/CC3200SDK_1.2.0/cc3200-sdk/netapps/json" --include_path="C:/TI/CC3200SDK_1.2.0/cc3200-sdk/simplelink" --include_path="C:/TI/CC3200SDK_1.2.0/cc3200-sdk/simplelink/include" --include_path="C:/TI/CC3200SDK_1.2.0/cc3200-sdk/simplelink/source" --include_path="C:/TI/CC3200SDK_1.2.0/cc3200-sdk/simplelink_extlib/provisioninglib" -g --define=cc3200 --diag_wrap=off --diag_warning=225 --display_error_number --abi=eabi --preproc_with_compile --preproc_dependency="main.d"  "../main.c"
'Finished building: ../main.c'
' '
'Building file: ../INS/INS.c'
'Invoking: ARM Compiler'
"C:/TI/ccsv6/tools/compiler/arm_15.12.3.LTS/bin/armcl" -mv7M4 --code_state=16 --float_support=vfplib -me --include_path="C:/TI/ccsv6/tools/compiler/arm_15.12.3.LTS/include" --include_path="C:/TI/CC3200SDK_1.2.0/cc3200-sdk/third_party/fatfs/src" --include_path="C:/TI/CC3200SDK_1.2.0/cc3200-sdk/common" --include_path="C:/TI/CC3200SDK_1.2.0/cc3200-sdk/inc" --include_path="C:/TI/CC3200SDK_1.2.0/cc3200-sdk/driverlib" --include_path="C:/TI/CC3200SDK_1.2.0/cc3200-sdk/netapps" --include_path="C:/TI/CC3200SDK_1.2.0/cc3200-sdk/netapps/json" --include_path="C:/TI/CC3200SDK_1.2.0/cc3200-sdk/simplelink" --include_path="C:/TI/CC3200SDK_1.2.0/cc3200-sdk/simplelink/include" --include_path="C:/TI/CC3200SDK_1.2.0/cc3200-sdk/simplelink/source" --include_path="C:/TI/CC3200SDK_1.2.0/cc3200-sdk/simplelink_extlib/provisioninglib" -g --define=cc3200 --diag_wrap=off --diag_warning=225 --display_error_number --abi=eabi --preproc_with_compile --preproc_dependency="INS/INS.d" --obj_directory="INS"  "../INS/INS.c"
'Finished building: ../INS/INS.c'
' '
'Building file: ../INS/kalman_filter.c'
'Invoking: ARM Compiler'
"C:/TI/ccsv6/tools/compiler/arm_15.12.3.LTS/bin/armcl" -mv7M4 --code_state=16 --float_support=vfplib -me --include_path="C:/TI/ccsv6/tools/compiler/arm_15.12.3.LTS/include" --include_path="C:/TI/CC3200SDK_1.2.0/cc3200-sdk/third_party/fatfs/src" --include_path="C:/TI/CC3200SDK_1.2.0/cc3200-sdk/common" --include_path="C:/TI/CC3200SDK_1.2.0/cc3200-sdk/inc" --include_path="C:/TI/CC3200SDK_1.2.0/cc3200-sdk/driverlib" --include_path="C:/TI/CC3200SDK_1.2.0/cc3200-sdk/netapps" --include_path="C:/TI/CC3200SDK_1.2.0/cc3200-sdk/netapps/json" --include_path="C:/TI/CC3200SDK_1.2.0/cc3200-sdk/simplelink" --include_path="C:/TI/CC3200SDK_1.2.0/cc3200-sdk/simplelink/include" --include_path="C:/TI/CC3200SDK_1.2.0/cc3200-sdk/simplelink/source" --include_path="C:/TI/CC3200SDK_1.2.0/cc3200-sdk/simplelink_extlib/provisioninglib" -g --define=cc3200 --diag_wrap=off --diag_warning=225 --display_error_number --abi=eabi --preproc_with_compile --preproc_dependency="INS/kalman_filter.d" --obj_directory="INS"  "../INS/kalman_filter.c"
'Finished building: ../INS/kalman_filter.c'
' '
'Building file: ../INS/matrix_manipulation.c'
'Invoking: ARM Compiler'
"C:/TI/ccsv6/tools/compiler/arm_15.12.3.LTS/bin/armcl" -mv7M4 --code_state=16 --float_support=vfplib -me --include_path="C:/TI/ccsv6/tools/compiler/arm_15.12.3.LTS/include" --include_path="C:/TI/CC3200SDK_1.2.0/cc3200-sdk/third_party/fatfs/src" --include_path="C:/TI/CC3200SDK_1.2.0/cc3200-sdk/common" --include_path="C:/TI/CC3200SDK_1.2.0/cc3200-sdk/inc" --include_path="C:/TI/CC3200SDK_1.2.0/cc3200-sdk/driverlib" --include_path="C:/TI/CC3200SDK_1.2.0/cc3200-sdk/netapps" --include_path="C:/TI/CC3200SDK_1.2.0/cc3200-sdk/netapps/json" --include_path="C:/TI/CC3200SDK_1.2.0/cc3200-sdk/simplelink" --include_path="C:/TI/CC3200SDK_1.2.0/cc3200-sdk/simplelink/include" --include_path="C:/TI/CC3200SDK_1.2.0/cc3200-sdk/simplelink/source" --include_path="C:/TI/CC3200SDK_1.2.0/cc3200-sdk/simplelink_extlib/provisioninglib" -g --define=cc3200 --diag_wrap=off --diag_warning=225 --display_error_number --abi=eabi --preproc_with_compile --preproc_dependency="INS/matrix_manipulation.d" --obj_directory="INS"  "../INS/matrix_manipulation.c"
'Finished building: ../INS/matrix_manipulation.c'
' '
'Building file: ../Sensors/ADXL345.c'
'Invoking: ARM Compiler'
"C:/TI/ccsv6/tools/compiler/arm_15.12.3.LTS/bin/armcl" -mv7M4 --code_state=16 --float_support=vfplib -me --include_path="C:/TI/ccsv6/tools/compiler/arm_15.12.3.LTS/include" --include_path="C:/TI/CC3200SDK_1.2.0/cc3200-sdk/third_party/fatfs/src" --include_path="C:/TI/CC3200SDK_1.2.0/cc3200-sdk/common" --include_path="C:/TI/CC3200SDK_1.2.0/cc3200-sdk/inc" --include_path="C:/TI/CC3200SDK_1.2.0/cc3200-sdk/driverlib" --include_path="C:/TI/CC3200SDK_1.2.0/cc3200-sdk/netapps" --include_path="C:/TI/CC3200SDK_1.2.0/cc3200-sdk/netapps/json" --include_path="C:/TI/CC3200SDK_1.2.0/cc3200-sdk/simplelink" --include_path="C:/TI/CC3200SDK_1.2.0/cc3200-sdk/simplelink/include" --include_path="C:/TI/CC3200SDK_1.2.0/cc3200-sdk/simplelink/source" --include_path="C:/TI/CC3200SDK_1.2.0/cc3200-sdk/simplelink_extlib/provisioninglib" -g --define=cc3200 --diag_wrap=off --diag_warning=225 --display_error_number --abi=eabi --preproc_with_compile --preproc_dependency="Sensors/ADXL345.d" --obj_directory="Sensors"  "../Sensors/ADXL345.c"
'Finished building: ../Sensors/ADXL345.c'
' '
'Building file: ../Sensors/GPS.c'
'Invoking: ARM Compiler'
"C:/TI/ccsv6/tools/compiler/arm_15.12.3.LTS/bin/armcl" -mv7M4 --code_state=16 --float_support=vfplib -me --include_path="C:/TI/ccsv6/tools/compiler/arm_15.12.3.LTS/include" --include_path="C:/TI/CC3200SDK_1.2.0/cc3200-sdk/third_party/fatfs/src" --include_path="C:/TI/CC3200SDK_1.2.0/cc3200-sdk/common" --include_path="C:/TI/CC3200SDK_1.2.0/cc3200-sdk/inc" --include_path="C:/TI/CC3200SDK_1.2.0/cc3200-sdk/driverlib" --include_path="C:/TI/CC3200SDK_1.2.0/cc3200-sdk/netapps" --include_path="C:/TI/CC3200SDK_1.2.0/cc3200-sdk/netapps/json" --include_path="C:/TI/CC3200SDK_1.2.0/cc3200-sdk/simplelink" --include_path="C:/TI/CC3200SDK_1.2.0/cc3200-sdk/simplelink/include" --include_path="C:/TI/CC3200SDK_1.2.0/cc3200-sdk/simplelink/source" --include_path="C:/TI/CC3200SDK_1.2.0/cc3200-sdk/simplelink_extlib/provisioninglib" -g --define=cc3200 --diag_wrap=off --diag_warning=225 --display_error_number --abi=eabi --preproc_with_compile --preproc_dependency="Sensors/GPS.d" --obj_directory="Sensors"  "../Sensors/GPS.c"
'Finished building: ../Sensors/GPS.c'
' '
'Building file: ../Sensors/HMC5883.c'
'Invoking: ARM Compiler'
"C:/TI/ccsv6/tools/compiler/arm_15.12.3.LTS/bin/armcl" -mv7M4 --code_state=16 --float_support=vfplib -me --include_path="C:/TI/ccsv6/tools/compiler/arm_15.12.3.LTS/include" --include_path="C:/TI/CC3200SDK_1.2.0/cc3200-sdk/third_party/fatfs/src" --include_path="C:/TI/CC3200SDK_1.2.0/cc3200-sdk/common" --include_path="C:/TI/CC3200SDK_1.2.0/cc3200-sdk/inc" --include_path="C:/TI/CC3200SDK_1.2.0/cc3200-sdk/driverlib" --include_path="C:/TI/CC3200SDK_1.2.0/cc3200-sdk/netapps" --include_path="C:/TI/CC3200SDK_1.2.0/cc3200-sdk/netapps/json" --include_path="C:/TI/CC3200SDK_1.2.0/cc3200-sdk/simplelink" --include_path="C:/TI/CC3200SDK_1.2.0/cc3200-sdk/simplelink/include" --include_path="C:/TI/CC3200SDK_1.2.0/cc3200-sdk/simplelink/source" --include_path="C:/TI/CC3200SDK_1.2.0/cc3200-sdk/simplelink_extlib/provisioninglib" -g --define=cc3200 --diag_wrap=off --diag_warning=225 --display_error_number --abi=eabi --preproc_with_compile --preproc_dependency="Sensors/HMC5883.d" --obj_directory="Sensors"  "../Sensors/HMC5883.c"
'Finished building: ../Sensors/HMC5883.c'
' '
'Building file: ../Sensors/ITG3200.c'
'Invoking: ARM Compiler'
"C:/TI/ccsv6/tools/compiler/arm_15.12.3.LTS/bin/armcl" -mv7M4 --code_state=16 --float_support=vfplib -me --include_path="C:/TI/ccsv6/tools/compiler/arm_15.12.3.LTS/include" --include_path="C:/TI/CC3200SDK_1.2.0/cc3200-sdk/third_party/fatfs/src" --include_path="C:/TI/CC3200SDK_1.2.0/cc3200-sdk/common" --include_path="C:/TI/CC3200SDK_1.2.0/cc3200-sdk/inc" --include_path="C:/TI/CC3200SDK_1.2.0/cc3200-sdk/driverlib" --include_path="C:/TI/CC3200SDK_1.2.0/cc3200-sdk/netapps" --include_path="C:/TI/CC3200SDK_1.2.0/cc3200-sdk/netapps/json" --include_path="C:/TI/CC3200SDK_1.2.0/cc3200-sdk/simplelink" --include_path="C:/TI/CC3200SDK_1.2.0/cc3200-sdk/simplelink/include" --include_path="C:/TI/CC3200SDK_1.2.0/cc3200-sdk/simplelink/source" --include_path="C:/TI/CC3200SDK_1.2.0/cc3200-sdk/simplelink_extlib/provisioninglib" -g --define=cc3200 --diag_wrap=off --diag_warning=225 --display_error_number --abi=eabi --preproc_with_compile --preproc_dependency="Sensors/ITG3200.d" --obj_directory="Sensors"  "../Sensors/ITG3200.c"
'Finished building: ../Sensors/ITG3200.c'
' '
'Building file: ../Sensors/MPL115A2.c'
'Invoking: ARM Compiler'
"C:/TI/ccsv6/tools/compiler/arm_15.12.3.LTS/bin/armcl" -mv7M4 --code_state=16 --float_support=vfplib -me --include_path="C:/TI/ccsv6/tools/compiler/arm_15.12.3.LTS/include" --include_path="C:/TI/CC3200SDK_1.2.0/cc3200-sdk/third_party/fatfs/src" --include_path="C:/TI/CC3200SDK_1.2.0/cc3200-sdk/common" --include_path="C:/TI/CC3200SDK_1.2.0/cc3200-sdk/inc" --include_path="C:/TI/CC3200SDK_1.2.0/cc3200-sdk/driverlib" --include_path="C:/TI/CC3200SDK_1.2.0/cc3200-sdk/netapps" --include_path="C:/TI/CC3200SDK_1.2.0/cc3200-sdk/netapps/json" --include_path="C:/TI/CC3200SDK_1.2.0/cc3200-sdk/simplelink" --include_path="C:/TI/CC3200SDK_1.2.0/cc3200-sdk/simplelink/include" --include_path="C:/TI/CC3200SDK_1.2.0/cc3200-sdk/simplelink/source" --include_path="C:/TI/CC3200SDK_1.2.0/cc3200-sdk/simplelink_extlib/provisioninglib" -g --define=cc3200 --diag_wrap=off --diag_warning=225 --display_error_number --abi=eabi --preproc_with_compile --preproc_dependency="Sensors/MPL115A2.d" --obj_directory="Sensors"  "../Sensors/MPL115A2.c"
'Finished building: ../Sensors/MPL115A2.c'
' '
'Building file: ../board/DS2401.c'
'Invoking: ARM Compiler'
"C:/TI/ccsv6/tools/compiler/arm_15.12.3.LTS/bin/armcl" -mv7M4 --code_state=16 --float_support=vfplib -me --include_path="C:/TI/ccsv6/tools/compiler/arm_15.12.3.LTS/include" --include_path="C:/TI/CC3200SDK_1.2.0/cc3200-sdk/third_party/fatfs/src" --include_path="C:/TI/CC3200SDK_1.2.0/cc3200-sdk/common" --include_path="C:/TI/CC3200SDK_1.2.0/cc3200-sdk/inc" --include_path="C:/TI/CC3200SDK_1.2.0/cc3200-sdk/driverlib" --include_path="C:/TI/CC3200SDK_1.2.0/cc3200-sdk/netapps" --include_path="C:/TI/CC3200SDK_1.2.0/cc3200-sdk/netapps/json" --include_path="C:/TI/CC3200SDK_1.2.0/cc3200-sdk/simplelink" --include_path="C:/TI/CC3200SDK_1.2.0/cc3200-sdk/simplelink/include" --include_path="C:/TI/CC3200SDK_1.2.0/cc3200-sdk/simplelink/source" --include_path="C:/TI/CC3200SDK_1.2.0/cc3200-sdk/simplelink_extlib/provisioninglib" -g --define=cc3200 --diag_wrap=off --diag_warning=225 --display_error_number --abi=eabi --preproc_with_compile --preproc_dependency="board/DS2401.d" --obj_directory="board"  "../board/DS2401.c"
'Finished building: ../board/DS2401.c'
' '
'Building file: ../board/SD_card.c'
'Invoking: ARM Compiler'
"C:/TI/ccsv6/tools/compiler/arm_15.12.3.LTS/bin/armcl" -mv7M4 --code_state=16 --float_support=vfplib -me --include_path="C:/TI/ccsv6/tools/compiler/arm_15.12.3.LTS/include" --include_path="C:/TI/CC3200SDK_1.2.0/cc3200-sdk/third_party/fatfs/src" --include_path="C:/TI/CC3200SDK_1.2.0/cc3200-sdk/common" --include_path="C:/TI/CC3200SDK_1.2.0/cc3200-sdk/inc" --include_path="C:/TI/CC3200SDK_1.2.0/cc3200-sdk/driverlib" --include_path="C:/TI/CC3200SDK_1.2.0/cc3200-sdk/netapps" --include_path="C:/TI/CC3200SDK_1.2.0/cc3200-sdk/netapps/json" --include_path="C:/TI/CC3200SDK_1.2.0/cc3200-sdk/simplelink" --include_path="C:/TI/CC3200SDK_1.2.0/cc3200-sdk/simplelink/include" --include_path="C:/TI/CC3200SDK_1.2.0/cc3200-sdk/simplelink/source" --include_path="C:/TI/CC3200SDK_1.2.0/cc3200-sdk/simplelink_extlib/provisioninglib" -g --define=cc3200 --diag_wrap=off --diag_warning=225 --display_error_number --abi=eabi --preproc_with_compile --preproc_dependency="board/SD_card.d" --obj_directory="board"  "../board/SD_card.c"
'Finished building: ../board/SD_card.c'
' '
'Building file: ../board/board.c'
'Invoking: ARM Compiler'
"C:/TI/ccsv6/tools/compiler/arm_15.12.3.LTS/bin/armcl" -mv7M4 --code_state=16 --float_support=vfplib -me --include_path="C:/TI/ccsv6/tools/compiler/arm_15.12.3.LTS/include" --include_path="C:/TI/CC3200SDK_1.2.0/cc3200-sdk/third_party/fatfs/src" --include_path="C:/TI/CC3200SDK_1.2.0/cc3200-sdk/common" --include_path="C:/TI/CC3200SDK_1.2.0/cc3200-sdk/inc" --include_path="C:/TI/CC3200SDK_1.2.0/cc3200-sdk/driverlib" --include_path="C:/TI/CC3200SDK_1.2.0/cc3200-sdk/netapps" --include_path="C:/TI/CC3200SDK_1.2.0/cc3200-sdk/netapps/json" --include_path="C:/TI/CC3200SDK_1.2.0/cc3200-sdk/simplelink" --include_path="C:/TI/CC3200SDK_1.2.0/cc3200-sdk/simplelink/include" --include_path="C:/TI/CC3200SDK_1.2.0/cc3200-sdk/simplelink/source" --include_path="C:/TI/CC3200SDK_1.2.0/cc3200-sdk/simplelink_extlib/provisioninglib" -g --define=cc3200 --diag_wrap=off --diag_warning=225 --display_error_number --abi=eabi --preproc_with_compile --preproc_dependency="board/board.d" --obj_directory="board"  "../board/board.c"
'Finished building: ../board/board.c'
' '
'Building file: ../board/pinmux.c'
'Invoking: ARM Compiler'
"C:/TI/ccsv6/tools/compiler/arm_15.12.3.LTS/bin/armcl" -mv7M4 --code_state=16 --float_support=vfplib -me --include_path="C:/TI/ccsv6/tools/compiler/arm_15.12.3.LTS/include" --include_path="C:/TI/CC3200SDK_1.2.0/cc3200-sdk/third_party/fatfs/src" --include_path="C:/TI/CC3200SDK_1.2.0/cc3200-sdk/common" --include_path="C:/TI/CC3200SDK_1.2.0/cc3200-sdk/inc" --include_path="C:/TI/CC3200SDK_1.2.0/cc3200-sdk/driverlib" --include_path="C:/TI/CC3200SDK_1.2.0/cc3200-sdk/netapps" --include_path="C:/TI/CC3200SDK_1.2.0/cc3200-sdk/netapps/json" --include_path="C:/TI/CC3200SDK_1.2.0/cc3200-sdk/simplelink" --include_path="C:/TI/CC3200SDK_1.2.0/cc3200-sdk/simplelink/include" --include_path="C:/TI/CC3200SDK_1.2.0/cc3200-sdk/simplelink/source" --include_path="C:/TI/CC3200SDK_1.2.0/cc3200-sdk/simplelink_extlib/provisioninglib" -g --define=cc3200 --diag_wrap=off --diag_warning=225 --display_error_number --abi=eabi --preproc_with_compile --preproc_dependency="board/pinmux.d" --obj_directory="board"  "../board/pinmux.c"
'Finished building: ../board/pinmux.c'
' '
'Building file: ../common/button_if.c'
'Invoking: ARM Compiler'
"C:/TI/ccsv6/tools/compiler/arm_15.12.3.LTS/bin/armcl" -mv7M4 --code_state=16 --float_support=vfplib -me --include_path="C:/TI/ccsv6/tools/compiler/arm_15.12.3.LTS/include" --include_path="C:/TI/CC3200SDK_1.2.0/cc3200-sdk/third_party/fatfs/src" --include_path="C:/TI/CC3200SDK_1.2.0/cc3200-sdk/common" --include_path="C:/TI/CC3200SDK_1.2.0/cc3200-sdk/inc" --include_path="C:/TI/CC3200SDK_1.2.0/cc3200-sdk/driverlib" --include_path="C:/TI/CC3200SDK_1.2.0/cc3200-sdk/netapps" --include_path="C:/TI/CC3200SDK_1.2.0/cc3200-sdk/netapps/json" --include_path="C:/TI/CC3200SDK_1.2.0/cc3200-sdk/simplelink" --include_path="C:/TI/CC3200SDK_1.2.0/cc3200-sdk/simplelink/include" --include_path="C:/TI/CC3200SDK_1.2.0/cc3200-sdk/simplelink/source" --include_path="C:/TI/CC3200SDK_1.2.0/cc3200-sdk/simplelink_extlib/provisioninglib" -g --define=cc3200 --diag_wrap=off --diag_warning=225 --display_error_number --abi=eabi --preproc_with_compile --preproc_dependency="common/button_if.d" --obj_directory="common"  "../common/button_if.c"
'Finished building: ../common/button_if.c'
' '
'Building file: ../common/gpio_if.c'
'Invoking: ARM Compiler'
"C:/TI/ccsv6/tools/compiler/arm_15.12.3.LTS/bin/armcl" -mv7M4 --code_state=16 --float_support=vfplib -me --include_path="C:/TI/ccsv6/tools/compiler/arm_15.12.3.LTS/include" --include_path="C:/TI/CC3200SDK_1.2.0/cc3200-sdk/third_party/fatfs/src" --include_path="C:/TI/CC3200SDK_1.2.0/cc3200-sdk/common" --include_path="C:/TI/CC3200SDK_1.2.0/cc3200-sdk/inc" --include_path="C:/TI/CC3200SDK_1.2.0/cc3200-sdk/driverlib" --include_path="C:/TI/CC3200SDK_1.2.0/cc3200-sdk/netapps" --include_path="C:/TI/CC3200SDK_1.2.0/cc3200-sdk/netapps/json" --include_path="C:/TI/CC3200SDK_1.2.0/cc3200-sdk/simplelink" --include_path="C:/TI/CC3200SDK_1.2.0/cc3200-sdk/simplelink/include" --include_path="C:/TI/CC3200SDK_1.2.0/cc3200-sdk/simplelink/source" --include_path="C:/TI/CC3200SDK_1.2.0/cc3200-sdk/simplelink_extlib/provisioninglib" -g --define=cc3200 --diag_wrap=off --diag_warning=225 --display_error_number --abi=eabi --preproc_with_compile --preproc_dependency="common/gpio_if.d" --obj_directory="common"  "../common/gpio_if.c"
'Finished building: ../common/gpio_if.c'
' '
'Building file: ../common/i2c_if.c'
'Invoking: ARM Compiler'
"C:/TI/ccsv6/tools/compiler/arm_15.12.3.LTS/bin/armcl" -mv7M4 --code_state=16 --float_support=vfplib -me --include_path="C:/TI/ccsv6/tools/compiler/arm_15.12.3.LTS/include" --include_path="C:/TI/CC3200SDK_1.2.0/cc3200-sdk/third_party/fatfs/src" --include_path="C:/TI/CC3200SDK_1.2.0/cc3200-sdk/common" --include_path="C:/TI/CC3200SDK_1.2.0/cc3200-sdk/inc" --include_path="C:/TI/CC3200SDK_1.2.0/cc3200-sdk/driverlib" --include_path="C:/TI/CC3200SDK_1.2.0/cc3200-sdk/netapps" --include_path="C:/TI/CC3200SDK_1.2.0/cc3200-sdk/netapps/json" --include_path="C:/TI/CC3200SDK_1.2.0/cc3200-sdk/simplelink" --include_path="C:/TI/CC3200SDK_1.2.0/cc3200-sdk/simplelink/include" --include_path="C:/TI/CC3200SDK_1.2.0/cc3200-sdk/simplelink/source" --include_path="C:/TI/CC3200SDK_1.2.0/cc3200-sdk/simplelink_extlib/provisioninglib" -g --define=cc3200 --diag_wrap=off --diag_warning=225 --display_error_number --abi=eabi --preproc_with_compile --preproc_dependency="common/i2c_if.d" --obj_directory="common"  "../common/i2c_if.c"
'Finished building: ../common/i2c_if.c'
' '
'Building file: ../common/i2s_if.c'
'Invoking: ARM Compiler'
"C:/TI/ccsv6/tools/compiler/arm_15.12.3.LTS/bin/armcl" -mv7M4 --code_state=16 --float_support=vfplib -me --include_path="C:/TI/ccsv6/tools/compiler/arm_15.12.3.LTS/include" --include_path="C:/TI/CC3200SDK_1.2.0/cc3200-sdk/third_party/fatfs/src" --include_path="C:/TI/CC3200SDK_1.2.0/cc3200-sdk/common" --include_path="C:/TI/CC3200SDK_1.2.0/cc3200-sdk/inc" --include_path="C:/TI/CC3200SDK_1.2.0/cc3200-sdk/driverlib" --include_path="C:/TI/CC3200SDK_1.2.0/cc3200-sdk/netapps" --include_path="C:/TI/CC3200SDK_1.2.0/cc3200-sdk/netapps/json" --include_path="C:/TI/CC3200SDK_1.2.0/cc3200-sdk/simplelink" --include_path="C:/TI/CC3200SDK_1.2.0/cc3200-sdk/simplelink/include" --include_path="C:/TI/CC3200SDK_1.2.0/cc3200-sdk/simplelink/source" --include_path="C:/TI/CC3200SDK_1.2.0/cc3200-sdk/simplelink_extlib/provisioninglib" -g --define=cc3200 --diag_wrap=off --diag_warning=225 --display_error_number --abi=eabi --preproc_with_compile --preproc_dependency="common/i2s_if.d" --obj_directory="common"  "../common/i2s_if.c"
'Finished building: ../common/i2s_if.c'
' '
'Building file: ../common/network_common.c'
'Invoking: ARM Compiler'
"C:/TI/ccsv6/tools/compiler/arm_15.12.3.LTS/bin/armcl" -mv7M4 --code_state=16 --float_support=vfplib -me --include_path="C:/TI/ccsv6/tools/compiler/arm_15.12.3.LTS/include" --include_path="C:/TI/CC3200SDK_1.2.0/cc3200-sdk/third_party/fatfs/src" --include_path="C:/TI/CC3200SDK_1.2.0/cc3200-sdk/common" --include_path="C:/TI/CC3200SDK_1.2.0/cc3200-sdk/inc" --include_path="C:/TI/CC3200SDK_1.2.0/cc3200-sdk/driverlib" --include_path="C:/TI/CC3200SDK_1.2.0/cc3200-sdk/netapps" --include_path="C:/TI/CC3200SDK_1.2.0/cc3200-sdk/netapps/json" --include_path="C:/TI/CC3200SDK_1.2.0/cc3200-sdk/simplelink" --include_path="C:/TI/CC3200SDK_1.2.0/cc3200-sdk/simplelink/include" --include_path="C:/TI/CC3200SDK_1.2.0/cc3200-sdk/simplelink/source" --include_path="C:/TI/CC3200SDK_1.2.0/cc3200-sdk/simplelink_extlib/provisioninglib" -g --define=cc3200 --diag_wrap=off --diag_warning=225 --display_error_number --abi=eabi --preproc_with_compile --preproc_dependency="common/network_common.d" --obj_directory="common"  "../common/network_common.c"
'Finished building: ../common/network_common.c'
' '
'Building file: ../common/network_if.c'
'Invoking: ARM Compiler'
"C:/TI/ccsv6/tools/compiler/arm_15.12.3.LTS/bin/armcl" -mv7M4 --code_state=16 --float_support=vfplib -me --include_path="C:/TI/ccsv6/tools/compiler/arm_15.12.3.LTS/include" --include_path="C:/TI/CC3200SDK_1.2.0/cc3200-sdk/third_party/fatfs/src" --include_path="C:/TI/CC3200SDK_1.2.0/cc3200-sdk/common" --include_path="C:/TI/CC3200SDK_1.2.0/cc3200-sdk/inc" --include_path="C:/TI/CC3200SDK_1.2.0/cc3200-sdk/driverlib" --include_path="C:/TI/CC3200SDK_1.2.0/cc3200-sdk/netapps" --include_path="C:/TI/CC3200SDK_1.2.0/cc3200-sdk/netapps/json" --include_path="C:/TI/CC3200SDK_1.2.0/cc3200-sdk/simplelink" --include_path="C:/TI/CC3200SDK_1.2.0/cc3200-sdk/simplelink/include" --include_path="C:/TI/CC3200SDK_1.2.0/cc3200-sdk/simplelink/source" --include_path="C:/TI/CC3200SDK_1.2.0/cc3200-sdk/simplelink_extlib/provisioninglib" -g --define=cc3200 --diag_wrap=off --diag_warning=225 --display_error_number --abi=eabi --preproc_with_compile --preproc_dependency="common/network_if.d" --obj_directory="common"  "../common/network_if.c"
'Finished building: ../common/network_if.c'
' '
'Building file: ../common/startup_ccs.c'
'Invoking: ARM Compiler'
"C:/TI/ccsv6/tools/compiler/arm_15.12.3.LTS/bin/armcl" -mv7M4 --code_state=16 --float_support=vfplib -me --include_path="C:/TI/ccsv6/tools/compiler/arm_15.12.3.LTS/include" --include_path="C:/TI/CC3200SDK_1.2.0/cc3200-sdk/third_party/fatfs/src" --include_path="C:/TI/CC3200SDK_1.2.0/cc3200-sdk/common" --include_path="C:/TI/CC3200SDK_1.2.0/cc3200-sdk/inc" --include_path="C:/TI/CC3200SDK_1.2.0/cc3200-sdk/driverlib" --include_path="C:/TI/CC3200SDK_1.2.0/cc3200-sdk/netapps" --include_path="C:/TI/CC3200SDK_1.2.0/cc3200-sdk/netapps/json" --include_path="C:/TI/CC3200SDK_1.2.0/cc3200-sdk/simplelink" --include_path="C:/TI/CC3200SDK_1.2.0/cc3200-sdk/simplelink/include" --include_path="C:/TI/CC3200SDK_1.2.0/cc3200-sdk/simplelink/source" --include_path="C:/TI/CC3200SDK_1.2.0/cc3200-sdk/simplelink_extlib/provisioninglib" -g --define=cc3200 --diag_wrap=off --diag_warning=225 --display_error_number --abi=eabi --preproc_with_compile --preproc_dependency="common/startup_ccs.d" --obj_directory="common"  "../common/startup_ccs.c"
'Finished building: ../common/startup_ccs.c'
' '
'Building file: ../common/timer_if.c'
'Invoking: ARM Compiler'
"C:/TI/ccsv6/tools/compiler/arm_15.12.3.LTS/bin/armcl" -mv7M4 --code_state=16 --float_support=vfplib -me --include_path="C:/TI/ccsv6/tools/compiler/arm_15.12.3.LTS/include" --include_path="C:/TI/CC3200SDK_1.2.0/cc3200-sdk/third_party/fatfs/src" --include_path="C:/TI/CC3200SDK_1.2.0/cc3200-sdk/common" --include_path="C:/TI/CC3200SDK_1.2.0/cc3200-sdk/inc" --include_path="C:/TI/CC3200SDK_1.2.0/cc3200-sdk/driverlib" --include_path="C:/TI/CC3200SDK_1.2.0/cc3200-sdk/netapps" --include_path="C:/TI/CC3200SDK_1.2.0/cc3200-sdk/netapps/json" --include_path="C:/TI/CC3200SDK_1.2.0/cc3200-sdk/simplelink" --include_path="C:/TI/CC3200SDK_1.2.0/cc3200-sdk/simplelink/include" --include_path="C:/TI/CC3200SDK_1.2.0/cc3200-sdk/simplelink/source" --include_path="C:/TI/CC3200SDK_1.2.0/cc3200-sdk/simplelink_extlib/provisioninglib" -g --define=cc3200 --diag_wrap=off --diag_warning=225 --display_error_number --abi=eabi --preproc_with_compile --preproc_dependency="common/timer_if.d" --obj_directory="common"  "../common/timer_if.c"
'Finished building: ../common/timer_if.c'
' '
'Building file: ../common/uart_if.c'
'Invoking: ARM Compiler'
"C:/TI/ccsv6/tools/compiler/arm_15.12.3.LTS/bin/armcl" -mv7M4 --code_state=16 --float_support=vfplib -me --include_path="C:/TI/ccsv6/tools/compiler/arm_15.12.3.LTS/include" --include_path="C:/TI/CC3200SDK_1.2.0/cc3200-sdk/third_party/fatfs/src" --include_path="C:/TI/CC3200SDK_1.2.0/cc3200-sdk/common" --include_path="C:/TI/CC3200SDK_1.2.0/cc3200-sdk/inc" --include_path="C:/TI/CC3200SDK_1.2.0/cc3200-sdk/driverlib" --include_path="C:/TI/CC3200SDK_1.2.0/cc3200-sdk/netapps" --include_path="C:/TI/CC3200SDK_1.2.0/cc3200-sdk/netapps/json" --include_path="C:/TI/CC3200SDK_1.2.0/cc3200-sdk/simplelink" --include_path="C:/TI/CC3200SDK_1.2.0/cc3200-sdk/simplelink/include" --include_path="C:/TI/CC3200SDK_1.2.0/cc3200-sdk/simplelink/source" --include_path="C:/TI/CC3200SDK_1.2.0/cc3200-sdk/simplelink_extlib/provisioninglib" -g --define=cc3200 --diag_wrap=off --diag_warning=225 --display_error_number --abi=eabi --preproc_with_compile --preproc_dependency="common/uart_if.d" --obj_directory="common"  "../common/uart_if.c"
'Finished building: ../common/uart_if.c'
' '
'Building file: ../common/utils_if.c'
'Invoking: ARM Compiler'
"C:/TI/ccsv6/tools/compiler/arm_15.12.3.LTS/bin/armcl" -mv7M4 --code_state=16 --float_support=vfplib -me --include_path="C:/TI/ccsv6/tools/compiler/arm_15.12.3.LTS/include" --include_path="C:/TI/CC3200SDK_1.2.0/cc3200-sdk/third_party/fatfs/src" --include_path="C:/TI/CC3200SDK_1.2.0/cc3200-sdk/common" --include_path="C:/TI/CC3200SDK_1.2.0/cc3200-sdk/inc" --include_path="C:/TI/CC3200SDK_1.2.0/cc3200-sdk/driverlib" --include_path="C:/TI/CC3200SDK_1.2.0/cc3200-sdk/netapps" --include_path="C:/TI/CC3200SDK_1.2.0/cc3200-sdk/netapps/json" --include_path="C:/TI/CC3200SDK_1.2.0/cc3200-sdk/simplelink" --include_path="C:/TI/CC3200SDK_1.2.0/cc3200-sdk/simplelink/include" --include_path="C:/TI/CC3200SDK_1.2.0/cc3200-sdk/simplelink/source" --include_path="C:/TI/CC3200SDK_1.2.0/cc3200-sdk/simplelink_extlib/provisioninglib" -g --define=cc3200 --diag_wrap=off --diag_warning=225 --display_error_number --abi=eabi --preproc_with_compile --preproc_dependency="common/utils_if.d" --obj_directory="common"  "../common/utils_if.c"
'Finished building: ../common/utils_if.c'
' '
'Building file: ../common/wdt_if.c'
'Invoking: ARM Compiler'
"C:/TI/ccsv6/tools/compiler/arm_15.12.3.LTS/bin/armcl" -mv7M4 --code_state=16 --float_support=vfplib -me --include_path="C:/TI/ccsv6/tools/compiler/arm_15.12.3.LTS/include" --include_path="C:/TI/CC3200SDK_1.2.0/cc3200-sdk/third_party/fatfs/src" --include_path="C:/TI/CC3200SDK_1.2.0/cc3200-sdk/common" --include_path="C:/TI/CC3200SDK_1.2.0/cc3200-sdk/inc" --include_path="C:/TI/CC3200SDK_1.2.0/cc3200-sdk/driverlib" --include_path="C:/TI/CC3200SDK_1.2.0/cc3200-sdk/netapps" --include_path="C:/TI/CC3200SDK_1.2.0/cc3200-sdk/netapps/json" --include_path="C:/TI/CC3200SDK_1.2.0/cc3200-sdk/simplelink" --include_path="C:/TI/CC3200SDK_1.2.0/cc3200-sdk/simplelink/include" --include_path="C:/TI/CC3200SDK_1.2.0/cc3200-sdk/simplelink/source" --include_path="C:/TI/CC3200SDK_1.2.0/cc3200-sdk/simplelink_extlib/provisioninglib" -g --define=cc3200 --diag_wrap=off --diag_warning=225 --display_error_number --abi=eabi --preproc_with_compile --preproc_dependency="common/wdt_if.d" --obj_directory="common"  "../common/wdt_if.c"
'Finished building: ../common/wdt_if.c'
' '
'Building file: ../interfaces/diskio.c'
'Invoking: ARM Compiler'
"C:/TI/ccsv6/tools/compiler/arm_15.12.3.LTS/bin/armcl" -mv7M4 --code_state=16 --float_support=vfplib -me --include_path="C:/TI/ccsv6/tools/compiler/arm_15.12.3.LTS/include" --include_path="C:/TI/CC3200SDK_1.2.0/cc3200-sdk/third_party/fatfs/src" --include_path="C:/TI/CC3200SDK_1.2.0/cc3200-sdk/common" --include_path="C:/TI/CC3200SDK_1.2.0/cc3200-sdk/inc" --include_path="C:/TI/CC3200SDK_1.2.0/cc3200-sdk/driverlib" --include_path="C:/TI/CC3200SDK_1.2.0/cc3200-sdk/netapps" --include_path="C:/TI/CC3200SDK_1.2.0/cc3200-sdk/netapps/json" --include_path="C:/TI/CC3200SDK_1.2.0/cc3200-sdk/simplelink" --include_path="C:/TI/CC3200SDK_1.2.0/cc3200-sdk/simplelink/include" --include_path="C:/TI/CC3200SDK_1.2.0/cc3200-sdk/simplelink/source" --include_path="C:/TI/CC3200SDK_1.2.0/cc3200-sdk/simplelink_extlib/provisioninglib" -g --define=cc3200 --diag_wrap=off --diag_warning=225 --display_error_number --abi=eabi --preproc_with_compile --preproc_dependency="interfaces/diskio.d" --obj_directory="interfaces"  "../interfaces/diskio.c"
'Finished building: ../interfaces/diskio.c'
' '
'Building file: ../interfaces/terninal.c'
'Invoking: ARM Compiler'
"C:/TI/ccsv6/tools/compiler/arm_15.12.3.LTS/bin/armcl" -mv7M4 --code_state=16 --float_support=vfplib -me --include_path="C:/TI/ccsv6/tools/compiler/arm_15.12.3.LTS/include" --include_path="C:/TI/CC3200SDK_1.2.0/cc3200-sdk/third_party/fatfs/src" --include_path="C:/TI/CC3200SDK_1.2.0/cc3200-sdk/common" --include_path="C:/TI/CC3200SDK_1.2.0/cc3200-sdk/inc" --include_path="C:/TI/CC3200SDK_1.2.0/cc3200-sdk/driverlib" --include_path="C:/TI/CC3200SDK_1.2.0/cc3200-sdk/netapps" --include_path="C:/TI/CC3200SDK_1.2.0/cc3200-sdk/netapps/json" --include_path="C:/TI/CC3200SDK_1.2.0/cc3200-sdk/simplelink" --include_path="C:/TI/CC3200SDK_1.2.0/cc3200-sdk/simplelink/include" --include_path="C:/TI/CC3200SDK_1.2.0/cc3200-sdk/simplelink/source" --include_path="C:/TI/CC3200SDK_1.2.0/cc3200-sdk/simplelink_extlib/provisioninglib" -g --define=cc3200 --diag_wrap=off --diag_warning=225 --display_error_number --abi=eabi --preproc_with_compile --preproc_dependency="interfaces/terninal.d" --obj_directory="interfaces"  "../interfaces/terninal.c"
'Finished building: ../interfaces/terninal.c'
' '
'Building target: GPS-INS-NAV.out'
'Invoking: ARM Linker'
"C:/TI/ccsv6/tools/compiler/arm_15.12.3.LTS/bin/armcl" -mv7M4 --code_state=16 --float_support=vfplib -me -g --define=cc3200 --diag_wrap=off --diag_warning=225 --display_error_number --abi=eabi -z -m"GPS-INS-NAV.map" --stack_size=0x512 --heap_size=0x0 -i"C:/TI/ccsv6/tools/compiler/arm_15.12.3.LTS/lib" -i"D:/workspace/sdhost_fatfs" -i"C:/TI/ccsv6/tools/compiler/arm_15.12.3.LTS/include" --reread_libs --diag_wrap=off --warn_sections --display_error_number --xml_link_info="GPS-INS-NAV_linkInfo.xml" --rom_model -o "GPS-INS-NAV.out" "./infrastructure.obj" "./main.obj" "./INS/INS.obj" "./INS/kalman_filter.obj" "./INS/matrix_manipulation.obj" "./Sensors/ADXL345.obj" "./Sensors/GPS.obj" "./Sensors/HMC5883.obj" "./Sensors/ITG3200.obj" "./Sensors/MPL115A2.obj" "./board/DS2401.obj" "./board/SD_card.obj" "./board/board.obj" "./board/pinmux.obj" "./common/button_if.obj" "./common/gpio_if.obj" "./common/i2c_if.obj" "./common/i2s_if.obj" "./common/network_common.obj" "./common/network_if.obj" "./common/startup_ccs.obj" "./common/timer_if.obj" "./common/uart_if.obj" "./common/utils_if.obj" "./common/wdt_if.obj" "./interfaces/diskio.obj" "./interfaces/terninal.obj" "../cc3200v1p32.cmd"  -llibc.a -l"C:/TI/CC3200SDK_1.2.0/cc3200-sdk/simplelink/ccs/NON_OS/simplelink.a" -l"D:/workspace/fatfs/Release/fatfs.a" -l"C:/TI/CC3200SDK_1.2.0/cc3200-sdk/netapps/json/ccs/Release/json.a" -l"C:/TI/CC3200SDK_1.2.0/cc3200-sdk/driverlib/ccs/Release/driverlib.a" 
<Linking>
'Finished building target: GPS-INS-NAV.out'
' '

**** Build Finished ****

**** Build of configuration Debug for project GPS-INS-NAV ****

"C:\\TI\\ccsv6\\utils\\bin\\gmake" -k all 
'Building file: ../infrastructure.c'
'Invoking: ARM Compiler'
"C:/TI/ccsv6/tools/compiler/arm_15.12.3.LTS/bin/armcl" -mv7M4 --code_state=16 --float_support=vfplib -me --include_path="C:/TI/ccsv6/tools/compiler/arm_15.12.3.LTS/include" --include_path="C:/TI/CC3200SDK_1.2.0/cc3200-sdk/third_party/fatfs/src" --include_path="C:/TI/CC3200SDK_1.2.0/cc3200-sdk/common" --include_path="C:/TI/CC3200SDK_1.2.0/cc3200-sdk/inc" --include_path="C:/TI/CC3200SDK_1.2.0/cc3200-sdk/driverlib" --include_path="C:/TI/CC3200SDK_1.2.0/cc3200-sdk/netapps" --include_path="C:/TI/CC3200SDK_1.2.0/cc3200-sdk/netapps/json" --include_path="C:/TI/CC3200SDK_1.2.0/cc3200-sdk/simplelink" --include_path="C:/TI/CC3200SDK_1.2.0/cc3200-sdk/simplelink/include" --include_path="C:/TI/CC3200SDK_1.2.0/cc3200-sdk/simplelink/source" --include_path="C:/TI/CC3200SDK_1.2.0/cc3200-sdk/simplelink_extlib/provisioninglib" -g --define=cc3200 --diag_wrap=off --diag_warning=225 --display_error_number --abi=eabi --preproc_with_compile --preproc_dependency="infrastructure.d"  "../infrastructure.c"

**** Build of configuration Debug for project GPS-INS-NAV ****

!CommandLauncher.error.commandCanceled!
Error: Program "C:/TI/ccsv6/utils/bin/gmake" is not found in PATH

PATH=[C:\TI\ccsv6\ccs_base\common\bin;C:\TI\ccsv6\ccs_base\common\uscif;C:\TI\ccsv6\ccs_base\DebugServer\license;C:\ProgramData\Oracle\Java\javapath;C:\Perl64\site\bin;C:\Perl64\bin;C:\Program Files (x86)\Intel\iCLS Client\;C:\Program Files\Intel\iCLS Client\;C:\WINDOWS\system32;C:\WINDOWS;C:\WINDOWS\System32\Wbem;C:\WINDOWS\System32\WindowsPowerShell\v1.0\;C:\Program Files (x86)\Intel\OpenCL SDK\2.0\bin\x86;C:\Program Files (x86)\Intel\OpenCL SDK\2.0\bin\x64;C:\Program Files\Intel\Intel(R) Management Engine Components\DAL;C:\Program Files\Intel\Intel(R) Management Engine Components\IPT;C:\Program Files (x86)\Intel\Intel(R) Management Engine Components\DAL;C:\Program Files (x86)\Intel\Intel(R) Management Engine Components\IPT;C:\Program Files\MATLAB\R2014a\runtime\win64;C:\Program Files\MATLAB\R2014a\bin;C:\Program Files\MATLAB\R2014a\polyspace\bin;C:\Program Files (x86)\Windows Kits\8.1\Windows Performance Toolkit\;C:\Program Files\Microsoft SQL Server\110\Tools\Binn\;C:\Program Files (x86)\Microsoft SDKs\TypeScript\1.0\;C:\Program Files\Microsoft SQL Server\120\Tools\Binn\;C:\Program Files\OrCAD\OrCAD_16.5_Lite\tools\bin;C:\Program Files\OrCAD\OrCAD_16.5_Lite\tools\specctra\bin;C:\Program Files\OrCAD\OrCAD_16.5_Lite\tools\PSpice;C:\Program Files\OrCAD\OrCAD_16.5_Lite\tools\PSpice\Library;C:\Program Files\OrCAD\OrCAD_16.5_Lite\tools\Capture;C:\Program Files\OrCAD\OrCAD_16.5_Lite\tools\fet\bin;C:\Program Files\OrCAD\OrCAD_16.5_Lite\tools\pcb\bin;C:\Program Files\OrCAD\OrCAD_16.5_Lite\OpenAccess\bin\win32\opt;c:\altera\91sp2\quartus\bin;C:\Program Files (x86)\Skype\Phone\;C:\Program Files\TortoiseGit\bin;C:\Modeltech_pe_edu_10.4a\win32pe_edu;%USERPROFILE%\AppData\Local\Microsoft\WindowsApps;]

**** Build Finished ****
