
**** Build of configuration Release for project json ****

"C:\\TI\\ccsv6\\utils\\bin\\gmake" -k all 
'Building file: C:/TI/CC3200SDK_1.2.0/cc3200-sdk/netapps/json/jsmn.c'
'Invoking: ARM Compiler'
"C:/TI/ccsv6/tools/compiler/arm_15.12.3.LTS/bin/armcl" -mv7M4 --code_state=16 --float_support=vfplib --abi=eabi -me --include_path="C:/TI/ccsv6/tools/compiler/arm_15.12.3.LTS/include" --include_path="C:/TI/CC3200SDK_1.2.0/cc3200-sdk/third_party/fatfs/src" --include_path="C:/TI/CC3200SDK_1.2.0/cc3200-sdk/inc" -g --define=cc3200 --diag_wrap=off --diag_warning=225 --display_error_number --preproc_with_compile --preproc_dependency="jsmn.d"  "C:/TI/CC3200SDK_1.2.0/cc3200-sdk/netapps/json/jsmn.c"
'Finished building: C:/TI/CC3200SDK_1.2.0/cc3200-sdk/netapps/json/jsmn.c'
' '
'Building file: C:/TI/CC3200SDK_1.2.0/cc3200-sdk/netapps/json/json.c'
'Invoking: ARM Compiler'
"C:/TI/ccsv6/tools/compiler/arm_15.12.3.LTS/bin/armcl" -mv7M4 --code_state=16 --float_support=vfplib --abi=eabi -me --include_path="C:/TI/ccsv6/tools/compiler/arm_15.12.3.LTS/include" --include_path="C:/TI/CC3200SDK_1.2.0/cc3200-sdk/third_party/fatfs/src" --include_path="C:/TI/CC3200SDK_1.2.0/cc3200-sdk/inc" -g --define=cc3200 --diag_wrap=off --diag_warning=225 --display_error_number --preproc_with_compile --preproc_dependency="json.d"  "C:/TI/CC3200SDK_1.2.0/cc3200-sdk/netapps/json/json.c"
'Finished building: C:/TI/CC3200SDK_1.2.0/cc3200-sdk/netapps/json/json.c'
' '
'Building target: json.a'
'Invoking: ARM Archiver'
"C:/TI/ccsv6/tools/compiler/arm_15.12.3.LTS/bin/armar" r "json.a" "./jsmn.obj" "./json.obj"  
  ==>  new archive 'json.a'
  ==>  building archive 'json.a'
'Finished building target: json.a'
' '

**** Build Finished ****
