
**** Build of configuration Release for project libXmpp ****

"C:\\TI\\ccsv6\\utils\\bin\\gmake" -k all 
'Building file: D:/workspace/netapps/xmpp/client/base64.c'
'Invoking: ARM Compiler'
"C:/TI/ccsv6/tools/compiler/arm_15.12.3.LTS/bin/armcl" -mv7M4 --code_state=16 --float_support=vfplib --abi=eabi -me --include_path="C:/TI/ccsv6/tools/compiler/arm_15.12.3.LTS/include" --include_path="D:/workspace/simplelink" --include_path="D:/workspace/simplelink/include" --include_path="D:/workspace/simplelink/source" --include_path="D:/workspace/simplelink" --include_path="D:/workspace/simplelink/include" --include_path="D:/workspace/simplelink/source" --include_path="D:/workspace/simplelink_extlib/provisioninglib" -g --gcc --define=cc3200 --define=NOTERM --diag_wrap=off --diag_warning=225 --display_error_number --preproc_with_compile --preproc_dependency="base64.d"  "D:/workspace/netapps/xmpp/client/base64.c"
'Finished building: D:/workspace/netapps/xmpp/client/base64.c'
' '
'Building file: D:/workspace/netapps/xmpp/client/xmpp.c'
'Invoking: ARM Compiler'
"C:/TI/ccsv6/tools/compiler/arm_15.12.3.LTS/bin/armcl" -mv7M4 --code_state=16 --float_support=vfplib --abi=eabi -me --include_path="C:/TI/ccsv6/tools/compiler/arm_15.12.3.LTS/include" --include_path="D:/workspace/simplelink" --include_path="D:/workspace/simplelink/include" --include_path="D:/workspace/simplelink/source" --include_path="D:/workspace/simplelink_extlib/provisioninglib" -g --gcc --define=cc3200 --define=NOTERM --diag_wrap=off --diag_warning=225 --display_error_number --preproc_with_compile --preproc_dependency="xmpp.d"  "D:/workspace/netapps/xmpp/client/xmpp.c"
'Finished building: D:/workspace/netapps/xmpp/client/xmpp.c'
' '
'Building target: libXmpp.a'
'Invoking: ARM Archiver'
"C:/TI/ccsv6/tools/compiler/arm_15.12.3.LTS/bin/armar" r "libXmpp.a" "./base64.obj" "./xmpp.obj"  
  ==>  new archive 'libXmpp.a'
  ==>  building archive 'libXmpp.a'
'Finished building target: libXmpp.a'
' '

**** Build Finished ****
