
**** Build of configuration client for project mqtt ****

"C:\\TI\\ccsv6\\utils\\bin\\gmake" -k all 
'Building file: D:/workspace/netapps/mqtt/platform/cc31xx_sl_net.c'
'Invoking: ARM Compiler'
"C:/TI/ccsv6/tools/compiler/arm_15.12.3.LTS/bin/armcl" -mv7M4 --code_state=16 --float_support=vfplib --abi=eabi -me -Ooff --include_path="C:/TI/ccsv6/tools/compiler/arm_15.12.3.LTS/include" --include_path="D:/workspace/netapps/mqtt/client/" --include_path="D:/workspace/netapps/mqtt/include/" --include_path="D:/workspace/netapps/mqtt/common/" --include_path="D:/workspace/netapps/mqtt/platform/" --include_path="D:/workspace/simplelink/" --include_path="D:/workspace/simplelink/source/" --include_path="D:/workspace/simplelink_extlib/provisioninglib" --include_path="D:/workspace/simplelink/include/" --include_path="D:/workspace/oslib/" --include_path="D:/workspace/driverlib/" --include_path="D:/workspace/inc/" --include_path="D:/workspace/third_party/FreeRTOS/source/include/" --include_path="D:/workspace/third_party/FreeRTOS/source/" --include_path="D:/workspace/third_party/FreeRTOS/source/portable/IAR/ARM_CM4" --gcc --define=cc3200 --define=ccs --define=USE_FREERTOS --define=SL_PLATFORM_MULTI_THREADED --diag_wrap=off --diag_warning=225 --display_error_number --preproc_with_compile --preproc_dependency="cc31xx_sl_net.d"  "D:/workspace/netapps/mqtt/platform/cc31xx_sl_net.c"

>> Compilation failure
subdir_rules.mk:7: recipe for target 'cc31xx_sl_net.obj' failed
"D:\workspace\simplelink\include\../user.h", line 628: fatal error #1965: cannot open source file "osi.h"
1 catastrophic error detected in the compilation of "D:/workspace/netapps/mqtt/platform/cc31xx_sl_net.c".
Compilation terminated.
gmake: *** [cc31xx_sl_net.obj] Error 1
'Building file: D:/workspace/netapps/mqtt/platform/cc3200_platform.c'
'Invoking: ARM Compiler'
"C:/TI/ccsv6/tools/compiler/arm_15.12.3.LTS/bin/armcl" -mv7M4 --code_state=16 --float_support=vfplib --abi=eabi -me -Ooff --include_path="C:/TI/ccsv6/tools/compiler/arm_15.12.3.LTS/include" --include_path="D:/workspace/netapps/mqtt/client/" --include_path="D:/workspace/netapps/mqtt/include/" --include_path="D:/workspace/netapps/mqtt/common/" --include_path="D:/workspace/netapps/mqtt/platform/" --include_path="D:/workspace/simplelink/" --include_path="D:/workspace/simplelink/source/" --include_path="D:/workspace/simplelink_extlib/provisioninglib" --include_path="D:/workspace/simplelink/include/" --include_path="D:/workspace/oslib/" --include_path="D:/workspace/driverlib/" --include_path="D:/workspace/inc/" --include_path="D:/workspace/third_party/FreeRTOS/source/include/" --include_path="D:/workspace/third_party/FreeRTOS/source/" --include_path="D:/workspace/third_party/FreeRTOS/source/portable/IAR/ARM_CM4" --gcc --define=cc3200 --define=ccs --define=USE_FREERTOS --define=SL_PLATFORM_MULTI_THREADED --diag_wrap=off --diag_warning=225 --display_error_number --preproc_with_compile --preproc_dependency="cc3200_platform.d"  "D:/workspace/netapps/mqtt/platform/cc3200_platform.c"

>> Compilation failure
subdir_rules.mk:14: recipe for target 'cc3200_platform.obj' failed
"D:\workspace\simplelink\include\../user.h", line 628: fatal error #1965: cannot open source file "osi.h"
1 catastrophic error detected in the compilation of "D:/workspace/netapps/mqtt/platform/cc3200_platform.c".
Compilation terminated.
gmake: *** [cc3200_platform.obj] Error 1
'Building file: D:/workspace/netapps/mqtt/client/mqtt_client.c'
'Invoking: ARM Compiler'
"C:/TI/ccsv6/tools/compiler/arm_15.12.3.LTS/bin/armcl" -mv7M4 --code_state=16 --float_support=vfplib --abi=eabi -me -Ooff --include_path="C:/TI/ccsv6/tools/compiler/arm_15.12.3.LTS/include" --include_path="D:/workspace/netapps/mqtt/client/" --include_path="D:/workspace/netapps/mqtt/include/" --include_path="D:/workspace/netapps/mqtt/common/" --include_path="D:/workspace/netapps/mqtt/platform/" --include_path="D:/workspace/simplelink/" --include_path="D:/workspace/simplelink/source/" --include_path="D:/workspace/simplelink_extlib/provisioninglib" --include_path="D:/workspace/simplelink/include/" --include_path="D:/workspace/oslib/" --include_path="D:/workspace/driverlib/" --include_path="D:/workspace/inc/" --include_path="D:/workspace/third_party/FreeRTOS/source/include/" --include_path="D:/workspace/third_party/FreeRTOS/source/" --include_path="D:/workspace/third_party/FreeRTOS/source/portable/IAR/ARM_CM4" --gcc --define=cc3200 --define=ccs --define=USE_FREERTOS --define=SL_PLATFORM_MULTI_THREADED --diag_wrap=off --diag_warning=225 --display_error_number --preproc_with_compile --preproc_dependency="mqtt_client.d"  "D:/workspace/netapps/mqtt/client/mqtt_client.c"

>> Compilation failure
subdir_rules.mk:21: recipe for target 'mqtt_client.obj' failed
"D:\workspace\simplelink\include\../user.h", line 628: fatal error #1965: cannot open source file "osi.h"
1 catastrophic error detected in the compilation of "D:/workspace/netapps/mqtt/client/mqtt_client.c".
Compilation terminated.
gmake: *** [mqtt_client.obj] Error 1
'Building file: D:/workspace/netapps/mqtt/common/mqtt_common.c'
'Invoking: ARM Compiler'
"C:/TI/ccsv6/tools/compiler/arm_15.12.3.LTS/bin/armcl" -mv7M4 --code_state=16 --float_support=vfplib --abi=eabi -me -Ooff --include_path="C:/TI/ccsv6/tools/compiler/arm_15.12.3.LTS/include" --include_path="D:/workspace/netapps/mqtt/client/" --include_path="D:/workspace/netapps/mqtt/include/" --include_path="D:/workspace/netapps/mqtt/common/" --include_path="D:/workspace/netapps/mqtt/platform/" --include_path="D:/workspace/simplelink/" --include_path="D:/workspace/simplelink/source/" --include_path="D:/workspace/simplelink_extlib/provisioninglib" --include_path="D:/workspace/simplelink/include/" --include_path="D:/workspace/oslib/" --include_path="D:/workspace/driverlib/" --include_path="D:/workspace/inc/" --include_path="D:/workspace/third_party/FreeRTOS/source/include/" --include_path="D:/workspace/third_party/FreeRTOS/source/" --include_path="D:/workspace/third_party/FreeRTOS/source/portable/IAR/ARM_CM4" --gcc --define=cc3200 --define=ccs --define=USE_FREERTOS --define=SL_PLATFORM_MULTI_THREADED --diag_wrap=off --diag_warning=225 --display_error_number --preproc_with_compile --preproc_dependency="mqtt_common.d"  "D:/workspace/netapps/mqtt/common/mqtt_common.c"

>> Compilation failure
subdir_rules.mk:28: recipe for target 'mqtt_common.obj' failed
"D:\workspace\simplelink\include\../user.h", line 628: fatal error #1965: cannot open source file "osi.h"
1 catastrophic error detected in the compilation of "D:/workspace/netapps/mqtt/common/mqtt_common.c".
Compilation terminated.
gmake: *** [mqtt_common.obj] Error 1
'Building file: D:/workspace/netapps/mqtt/sl/sl_mqtt_client.c'
'Invoking: ARM Compiler'
"C:/TI/ccsv6/tools/compiler/arm_15.12.3.LTS/bin/armcl" -mv7M4 --code_state=16 --float_support=vfplib --abi=eabi -me -Ooff --include_path="C:/TI/ccsv6/tools/compiler/arm_15.12.3.LTS/include" --include_path="D:/workspace/netapps/mqtt/client/" --include_path="D:/workspace/netapps/mqtt/include/" --include_path="D:/workspace/netapps/mqtt/common/" --include_path="D:/workspace/netapps/mqtt/platform/" --include_path="D:/workspace/simplelink/" --include_path="D:/workspace/simplelink/source/" --include_path="D:/workspace/simplelink_extlib/provisioninglib" --include_path="D:/workspace/simplelink/include/" --include_path="D:/workspace/oslib/" --include_path="D:/workspace/driverlib/" --include_path="D:/workspace/inc/" --include_path="D:/workspace/third_party/FreeRTOS/source/include/" --include_path="D:/workspace/third_party/FreeRTOS/source/" --include_path="D:/workspace/third_party/FreeRTOS/source/portable/IAR/ARM_CM4" --gcc --define=cc3200 --define=ccs --define=USE_FREERTOS --define=SL_PLATFORM_MULTI_THREADED --diag_wrap=off --diag_warning=225 --display_error_number --preproc_with_compile --preproc_dependency="sl_mqtt_client.d"  "D:/workspace/netapps/mqtt/sl/sl_mqtt_client.c"

>> Compilation failure
subdir_rules.mk:35: recipe for target 'sl_mqtt_client.obj' failed
"D:\workspace\simplelink\include\../user.h", line 628: fatal error #1965: cannot open source file "osi.h"
1 catastrophic error detected in the compilation of "D:/workspace/netapps/mqtt/sl/sl_mqtt_client.c".
Compilation terminated.
gmake: *** [sl_mqtt_client.obj] Error 1
gmake: Target 'all' not remade because of errors.

**** Build Finished ****
