
**** Build of configuration Release for project oob ****

"C:\\TI\\ccsv6\\utils\\bin\\gmake" -k all 
'Building file: ../bma222drv.c'
'Invoking: ARM Compiler'
"C:/TI/ccsv6/tools/compiler/arm_15.12.3.LTS/bin/armcl" -mv7M4 --code_state=16 --float_support=vfplib --abi=eabi -me --include_path="C:/TI/ccsv6/tools/compiler/arm_15.12.3.LTS/include" --include_path="D:/example/common" --include_path="D:/inc" --include_path="D:/simplelink/" --include_path="D:/simplelink/include" --include_path="D:/simplelink/source" --include_path="D:/driverlib/" --include_path="D:/oslib/" --include_path="D:/third_party/FreeRTOS/" --include_path="D:/third_party/FreeRTOS/source/" --include_path="D:/third_party/FreeRTOS/source/include" --include_path="D:/third_party/FreeRTOS/source/portable/CCS/ARM_CM3" --include_path="D:/simplelink_extlib/provisioninglib" -g --gcc --define=ccs --define=SL_PLATFORM_MULTI_THREADED --define=USE_FREERTOS --define=cc3200 --diag_wrap=off --diag_warning=225 --display_error_number --preproc_with_compile --preproc_dependency="bma222drv.d"  "../bma222drv.c"

>> Compilation failure
subdir_rules.mk:7: recipe for target 'bma222drv.obj' failed
"../bma222drv.c", line 47: fatal error #1965: cannot open source file "i2c_if.h"
1 catastrophic error detected in the compilation of "../bma222drv.c".
Compilation terminated.
gmake: *** [bma222drv.obj] Error 1
'Building file: ../device_status.c'
'Invoking: ARM Compiler'
"C:/TI/ccsv6/tools/compiler/arm_15.12.3.LTS/bin/armcl" -mv7M4 --code_state=16 --float_support=vfplib --abi=eabi -me --include_path="C:/TI/ccsv6/tools/compiler/arm_15.12.3.LTS/include" --include_path="D:/example/common" --include_path="D:/inc" --include_path="D:/simplelink/" --include_path="D:/simplelink/include" --include_path="D:/simplelink/source" --include_path="D:/driverlib/" --include_path="D:/oslib/" --include_path="D:/third_party/FreeRTOS/" --include_path="D:/third_party/FreeRTOS/source/" --include_path="D:/third_party/FreeRTOS/source/include" --include_path="D:/third_party/FreeRTOS/source/portable/CCS/ARM_CM3" --include_path="D:/simplelink_extlib/provisioninglib" -g --gcc --define=ccs --define=SL_PLATFORM_MULTI_THREADED --define=USE_FREERTOS --define=cc3200 --diag_wrap=off --diag_warning=225 --display_error_number --preproc_with_compile --preproc_dependency="device_status.d"  "../device_status.c"

>> Compilation failure
subdir_rules.mk:14: recipe for target 'device_status.obj' failed
"../device_status.c", line 44: fatal error #1965: cannot open source file "simplelink.h"
1 catastrophic error detected in the compilation of "../device_status.c".
Compilation terminated.
gmake: *** [device_status.obj] Error 1
gmake: *** No rule to make target 'D:/example/common/gpio_if.c', needed by 'gpio_if.obj'.
gmake: *** No rule to make target 'D:/example/common/i2c_if.c', needed by 'i2c_if.obj'.
'Building file: ../main.c'
'Invoking: ARM Compiler'
"C:/TI/ccsv6/tools/compiler/arm_15.12.3.LTS/bin/armcl" -mv7M4 --code_state=16 --float_support=vfplib --abi=eabi -me --include_path="C:/TI/ccsv6/tools/compiler/arm_15.12.3.LTS/include" --include_path="D:/example/common" --include_path="D:/inc" --include_path="D:/simplelink/" --include_path="D:/simplelink/include" --include_path="D:/simplelink/source" --include_path="D:/driverlib/" --include_path="D:/oslib/" --include_path="D:/third_party/FreeRTOS/" --include_path="D:/third_party/FreeRTOS/source/" --include_path="D:/third_party/FreeRTOS/source/include" --include_path="D:/third_party/FreeRTOS/source/portable/CCS/ARM_CM3" --include_path="D:/simplelink_extlib/provisioninglib" -g --gcc --define=ccs --define=SL_PLATFORM_MULTI_THREADED --define=USE_FREERTOS --define=cc3200 --diag_wrap=off --diag_warning=225 --display_error_number --preproc_with_compile --preproc_dependency="main.d"  "../main.c"

>> Compilation failure
subdir_rules.mk:35: recipe for target 'main.obj' failed
"../main.c", line 72: fatal error #1965: cannot open source file "simplelink.h"
1 catastrophic error detected in the compilation of "../main.c".
Compilation terminated.
gmake: *** [main.obj] Error 1
'Building file: D:/workspace/common/network_common.c'
'Invoking: ARM Compiler'
"C:/TI/ccsv6/tools/compiler/arm_15.12.3.LTS/bin/armcl" -mv7M4 --code_state=16 --float_support=vfplib --abi=eabi -me --include_path="C:/TI/ccsv6/tools/compiler/arm_15.12.3.LTS/include" --include_path="D:/example/common" --include_path="D:/inc" --include_path="D:/simplelink/" --include_path="D:/simplelink/include" --include_path="D:/simplelink/source" --include_path="D:/driverlib/" --include_path="D:/oslib/" --include_path="D:/third_party/FreeRTOS/" --include_path="D:/third_party/FreeRTOS/source/" --include_path="D:/third_party/FreeRTOS/source/include" --include_path="D:/third_party/FreeRTOS/source/portable/CCS/ARM_CM3" --include_path="D:/simplelink_extlib/provisioninglib" -g --gcc --define=ccs --define=SL_PLATFORM_MULTI_THREADED --define=USE_FREERTOS --define=cc3200 --diag_wrap=off --diag_warning=225 --display_error_number --preproc_with_compile --preproc_dependency="network_common.d"  "D:/workspace/common/network_common.c"

>> Compilation failure
subdir_rules.mk:42: recipe for target 'network_common.obj' failed
"D:/workspace/common/network_common.c", line 42: fatal error #1965: cannot open source file "simplelink.h"
1 catastrophic error detected in the compilation of "D:/workspace/common/network_common.c".
Compilation terminated.
gmake: *** [network_common.obj] Error 1
'Building file: ../pinmux.c'
'Invoking: ARM Compiler'
"C:/TI/ccsv6/tools/compiler/arm_15.12.3.LTS/bin/armcl" -mv7M4 --code_state=16 --float_support=vfplib --abi=eabi -me --include_path="C:/TI/ccsv6/tools/compiler/arm_15.12.3.LTS/include" --include_path="D:/example/common" --include_path="D:/inc" --include_path="D:/simplelink/" --include_path="D:/simplelink/include" --include_path="D:/simplelink/source" --include_path="D:/driverlib/" --include_path="D:/oslib/" --include_path="D:/third_party/FreeRTOS/" --include_path="D:/third_party/FreeRTOS/source/" --include_path="D:/third_party/FreeRTOS/source/include" --include_path="D:/third_party/FreeRTOS/source/portable/CCS/ARM_CM3" --include_path="D:/simplelink_extlib/provisioninglib" -g --gcc --define=ccs --define=SL_PLATFORM_MULTI_THREADED --define=USE_FREERTOS --define=cc3200 --diag_wrap=off --diag_warning=225 --display_error_number --preproc_with_compile --preproc_dependency="pinmux.d"  "../pinmux.c"

>> Compilation failure
subdir_rules.mk:49: recipe for target 'pinmux.obj' failed
"../pinmux.c", line 42: fatal error #1965: cannot open source file "hw_types.h"
1 catastrophic error detected in the compilation of "../pinmux.c".
Compilation terminated.
gmake: *** [pinmux.obj] Error 1
'Building file: ../smartconfig.c'
'Invoking: ARM Compiler'
"C:/TI/ccsv6/tools/compiler/arm_15.12.3.LTS/bin/armcl" -mv7M4 --code_state=16 --float_support=vfplib --abi=eabi -me --include_path="C:/TI/ccsv6/tools/compiler/arm_15.12.3.LTS/include" --include_path="D:/example/common" --include_path="D:/inc" --include_path="D:/simplelink/" --include_path="D:/simplelink/include" --include_path="D:/simplelink/source" --include_path="D:/driverlib/" --include_path="D:/oslib/" --include_path="D:/third_party/FreeRTOS/" --include_path="D:/third_party/FreeRTOS/source/" --include_path="D:/third_party/FreeRTOS/source/include" --include_path="D:/third_party/FreeRTOS/source/portable/CCS/ARM_CM3" --include_path="D:/simplelink_extlib/provisioninglib" -g --gcc --define=ccs --define=SL_PLATFORM_MULTI_THREADED --define=USE_FREERTOS --define=cc3200 --diag_wrap=off --diag_warning=225 --display_error_number --preproc_with_compile --preproc_dependency="smartconfig.d"  "../smartconfig.c"

>> Compilation failure
subdir_rules.mk:56: recipe for target 'smartconfig.obj' failed
"../smartconfig.c", line 39: fatal error #1965: cannot open source file "simplelink.h"
1 catastrophic error detected in the compilation of "../smartconfig.c".
Compilation terminated.
gmake: *** [smartconfig.obj] Error 1
gmake: *** No rule to make target 'D:/example/common/startup_ccs.c', needed by 'startup_ccs.obj'.
'Building file: ../tmp006drv.c'
'Invoking: ARM Compiler'
"C:/TI/ccsv6/tools/compiler/arm_15.12.3.LTS/bin/armcl" -mv7M4 --code_state=16 --float_support=vfplib --abi=eabi -me --include_path="C:/TI/ccsv6/tools/compiler/arm_15.12.3.LTS/include" --include_path="D:/example/common" --include_path="D:/inc" --include_path="D:/simplelink/" --include_path="D:/simplelink/include" --include_path="D:/simplelink/source" --include_path="D:/driverlib/" --include_path="D:/oslib/" --include_path="D:/third_party/FreeRTOS/" --include_path="D:/third_party/FreeRTOS/source/" --include_path="D:/third_party/FreeRTOS/source/include" --include_path="D:/third_party/FreeRTOS/source/portable/CCS/ARM_CM3" --include_path="D:/simplelink_extlib/provisioninglib" -g --gcc --define=ccs --define=SL_PLATFORM_MULTI_THREADED --define=USE_FREERTOS --define=cc3200 --diag_wrap=off --diag_warning=225 --display_error_number --preproc_with_compile --preproc_dependency="tmp006drv.d"  "../tmp006drv.c"

>> Compilation failure
subdir_rules.mk:70: recipe for target 'tmp006drv.obj' failed
"../tmp006drv.c", line 46: fatal error #1965: cannot open source file "i2c_if.h"
1 catastrophic error detected in the compilation of "../tmp006drv.c".
Compilation terminated.
gmake: *** [tmp006drv.obj] Error 1
gmake: *** No rule to make target 'D:/example/common/uart_if.c', needed by 'uart_if.obj'.
gmake: Target 'all' not remade because of errors.

**** Build Finished ****
