
**** Build of configuration Release for project ota_update_nonos ****

"C:\\TI\\ccsv6\\utils\\bin\\gmake" -k all 
'Building file: ../main.c'
'Invoking: ARM Compiler'
"C:/TI/ccsv6/tools/compiler/arm_15.12.3.LTS/bin/armcl" -mv7M4 --code_state=16 --float_support=vfplib --abi=eabi -me --include_path="C:/TI/ccsv6/tools/compiler/arm_15.12.3.LTS/include" --include_path="D:/workspace/ota_update_nonos" --include_path="D:/workspace/ota_update/nonos" --include_path="D:/example/common" --include_path="D:/driverlib" --include_path="D:/inc" --include_path="D:/oslib/" --include_path="D:/simplelink/include/" --include_path="D:/simplelink/source" --include_path="D:/oslib" --include_path="D:/simplelink_extlib/include" --include_path="D:/simplelink_extlib/flc" --include_path="D:/simplelink_extlib/provisioninglib" -g --gcc --define=ccs --define=cc3200 --diag_wrap=off --diag_warning=225 --display_error_number --preproc_with_compile --preproc_dependency="main.d"  "../main.c"

>> Compilation failure
subdir_rules.mk:14: recipe for target 'main.obj' failed
gmake: *** No rule to make target 'D:/example/common/button_if.c', needed by 'button_if.obj'.
"../main.c", line 51: fatal error #1965: cannot open source file "simplelink.h"
1 catastrophic error detected in the compilation of "../main.c".
Compilation terminated.
gmake: *** [main.obj] Error 1
'Building file: ../net.c'
'Invoking: ARM Compiler'
"C:/TI/ccsv6/tools/compiler/arm_15.12.3.LTS/bin/armcl" -mv7M4 --code_state=16 --float_support=vfplib --abi=eabi -me --include_path="C:/TI/ccsv6/tools/compiler/arm_15.12.3.LTS/include" --include_path="D:/workspace/ota_update_nonos" --include_path="D:/workspace/ota_update/nonos" --include_path="D:/example/common" --include_path="D:/driverlib" --include_path="D:/inc" --include_path="D:/oslib/" --include_path="D:/simplelink/include/" --include_path="D:/simplelink/source" --include_path="D:/oslib" --include_path="D:/simplelink_extlib/include" --include_path="D:/simplelink_extlib/flc" --include_path="D:/simplelink_extlib/provisioninglib" -g --gcc --define=ccs --define=cc3200 --diag_wrap=off --diag_warning=225 --display_error_number --preproc_with_compile --preproc_dependency="net.d"  "../net.c"

>> Compilation failure
subdir_rules.mk:21: recipe for target 'net.obj' failed
"../net.c", line 36: fatal error #1965: cannot open source file "hw_types.h"
1 catastrophic error detected in the compilation of "../net.c".
Compilation terminated.
gmake: *** [net.obj] Error 1
'Building file: D:/workspace/common/network_common.c'
'Invoking: ARM Compiler'
"C:/TI/ccsv6/tools/compiler/arm_15.12.3.LTS/bin/armcl" -mv7M4 --code_state=16 --float_support=vfplib --abi=eabi -me --include_path="C:/TI/ccsv6/tools/compiler/arm_15.12.3.LTS/include" --include_path="D:/workspace/ota_update_nonos" --include_path="D:/workspace/ota_update/nonos" --include_path="D:/example/common" --include_path="D:/driverlib" --include_path="D:/inc" --include_path="D:/oslib/" --include_path="D:/simplelink/include/" --include_path="D:/simplelink/source" --include_path="D:/oslib" --include_path="D:/simplelink_extlib/include" --include_path="D:/simplelink_extlib/flc" --include_path="D:/simplelink_extlib/provisioninglib" -g --gcc --define=ccs --define=cc3200 --diag_wrap=off --diag_warning=225 --display_error_number --preproc_with_compile --preproc_dependency="network_common.d"  "D:/workspace/common/network_common.c"

>> Compilation failure
subdir_rules.mk:28: recipe for target 'network_common.obj' failed
"D:/workspace/common/network_common.c", line 42: fatal error #1965: cannot open source file "simplelink.h"
1 catastrophic error detected in the compilation of "D:/workspace/common/network_common.c".
Compilation terminated.
gmake: *** [network_common.obj] Error 1
'Building file: ../pinmux.c'
'Invoking: ARM Compiler'
"C:/TI/ccsv6/tools/compiler/arm_15.12.3.LTS/bin/armcl" -mv7M4 --code_state=16 --float_support=vfplib --abi=eabi -me --include_path="C:/TI/ccsv6/tools/compiler/arm_15.12.3.LTS/include" --include_path="D:/workspace/ota_update_nonos" --include_path="D:/workspace/ota_update/nonos" --include_path="D:/example/common" --include_path="D:/driverlib" --include_path="D:/inc" --include_path="D:/oslib/" --include_path="D:/simplelink/include/" --include_path="D:/simplelink/source" --include_path="D:/oslib" --include_path="D:/simplelink_extlib/include" --include_path="D:/simplelink_extlib/flc" --include_path="D:/simplelink_extlib/provisioninglib" -g --gcc --define=ccs --define=cc3200 --diag_wrap=off --diag_warning=225 --display_error_number --preproc_with_compile --preproc_dependency="pinmux.d"  "../pinmux.c"

>> Compilation failure
subdir_rules.mk:35: recipe for target 'pinmux.obj' failed
"../pinmux.c", line 45: fatal error #1965: cannot open source file "hw_types.h"
1 catastrophic error detected in the compilation of "../pinmux.c".
Compilation terminated.
gmake: *** [pinmux.obj] Error 1
gmake: *** No rule to make target 'D:/example/common/startup_ccs.c', needed by 'startup_ccs.obj'.
'Building file: ../task.c'
'Invoking: ARM Compiler'
"C:/TI/ccsv6/tools/compiler/arm_15.12.3.LTS/bin/armcl" -mv7M4 --code_state=16 --float_support=vfplib --abi=eabi -me --include_path="C:/TI/ccsv6/tools/compiler/arm_15.12.3.LTS/include" --include_path="D:/workspace/ota_update_nonos" --include_path="D:/workspace/ota_update/nonos" --include_path="D:/example/common" --include_path="D:/driverlib" --include_path="D:/inc" --include_path="D:/oslib/" --include_path="D:/simplelink/include/" --include_path="D:/simplelink/source" --include_path="D:/oslib" --include_path="D:/simplelink_extlib/include" --include_path="D:/simplelink_extlib/flc" --include_path="D:/simplelink_extlib/provisioninglib" -g --gcc --define=ccs --define=cc3200 --diag_wrap=off --diag_warning=225 --display_error_number --preproc_with_compile --preproc_dependency="task.d"  "../task.c"

>> Compilation failure
subdir_rules.mk:49: recipe for target 'task.obj' failed
"../task.c", line 38: fatal error #1965: cannot open source file "systick.h"
1 catastrophic error detected in the compilation of "../task.c".
Compilation terminated.
gmake: *** [task.obj] Error 1
gmake: *** No rule to make target 'D:/example/common/uart_if.c', needed by 'uart_if.obj'.
gmake: *** No rule to make target 'D:/example/common/udma_if.c', needed by 'udma_if.obj'.
gmake: Target 'all' not remade because of errors.

**** Build Finished ****
