
**** Build of configuration Release for project power_measurement ****

"C:\\TI\\ccsv6\\utils\\bin\\gmake" -k all 
'Building file: ../lp3p0_board.c'
'Invoking: ARM Compiler'
"C:/TI/ccsv6/tools/compiler/arm_15.12.3.LTS/bin/armcl" -mv7M4 --code_state=16 --float_support=vfplib --abi=eabi -me --include_path="C:/TI/ccsv6/tools/compiler/arm_15.12.3.LTS/include" --include_path="D:/inc" --include_path="D:/driverlib" --include_path="D:/simplelink/source" --include_path="D:/simplelink/include" --include_path="D:/middleware/framework/pm/" --include_path="D:/middleware/soc/" --include_path="D:/" --include_path="D:/example/common/" --include_path="D:/simplelink/" --include_path="D:/simplelink_extlib/provisioninglib" -g --define=cc3200 --define=ccs --diag_wrap=off --diag_warning=225 --display_error_number --printf_support=full --preproc_with_compile --preproc_dependency="lp3p0_board.d"  "../lp3p0_board.c"

>> Compilation failure
subdir_rules.mk:7: recipe for target 'lp3p0_board.obj' failed
"../lp3p0_board.c", line 45: fatal error #1965: cannot open source file "hw_types.h"
1 catastrophic error detected in the compilation of "../lp3p0_board.c".
Compilation terminated.
gmake: *** [lp3p0_board.obj] Error 1
'Building file: ../lp3p0_plat_ops.c'
'Invoking: ARM Compiler'
"C:/TI/ccsv6/tools/compiler/arm_15.12.3.LTS/bin/armcl" -mv7M4 --code_state=16 --float_support=vfplib --abi=eabi -me --include_path="C:/TI/ccsv6/tools/compiler/arm_15.12.3.LTS/include" --include_path="D:/inc" --include_path="D:/driverlib" --include_path="D:/simplelink/source" --include_path="D:/simplelink/include" --include_path="D:/middleware/framework/pm/" --include_path="D:/middleware/soc/" --include_path="D:/" --include_path="D:/example/common/" --include_path="D:/simplelink/" --include_path="D:/simplelink_extlib/provisioninglib" -g --define=cc3200 --define=ccs --diag_wrap=off --diag_warning=225 --display_error_number --printf_support=full --preproc_with_compile --preproc_dependency="lp3p0_plat_ops.d"  "../lp3p0_plat_ops.c"

>> Compilation failure
subdir_rules.mk:14: recipe for target 'lp3p0_plat_ops.obj' failed
"../lp3p0_plat_ops.c", line 49: fatal error #1965: cannot open source file "hw_types.h"
1 catastrophic error detected in the compilation of "../lp3p0_plat_ops.c".
Compilation terminated.
gmake: *** [lp3p0_plat_ops.obj] Error 1
'Building file: ../main.c'
'Invoking: ARM Compiler'
"C:/TI/ccsv6/tools/compiler/arm_15.12.3.LTS/bin/armcl" -mv7M4 --code_state=16 --float_support=vfplib --abi=eabi -me --include_path="C:/TI/ccsv6/tools/compiler/arm_15.12.3.LTS/include" --include_path="D:/inc" --include_path="D:/driverlib" --include_path="D:/simplelink/source" --include_path="D:/simplelink/include" --include_path="D:/middleware/framework/pm/" --include_path="D:/middleware/soc/" --include_path="D:/" --include_path="D:/example/common/" --include_path="D:/simplelink/" --include_path="D:/simplelink_extlib/provisioninglib" -g --define=cc3200 --define=ccs --diag_wrap=off --diag_warning=225 --display_error_number --printf_support=full --preproc_with_compile --preproc_dependency="main.d"  "../main.c"

>> Compilation failure
subdir_rules.mk:21: recipe for target 'main.obj' failed
"../main.c", line 67: fatal error #1965: cannot open source file "hw_ints.h"
1 catastrophic error detected in the compilation of "../main.c".
Compilation terminated.
gmake: *** [main.obj] Error 1
'Building file: D:/workspace/common/network_common.c'
'Invoking: ARM Compiler'
"C:/TI/ccsv6/tools/compiler/arm_15.12.3.LTS/bin/armcl" -mv7M4 --code_state=16 --float_support=vfplib --abi=eabi -me --include_path="C:/TI/ccsv6/tools/compiler/arm_15.12.3.LTS/include" --include_path="D:/inc" --include_path="D:/driverlib" --include_path="D:/simplelink/source" --include_path="D:/simplelink/include" --include_path="D:/middleware/framework/pm/" --include_path="D:/middleware/soc/" --include_path="D:/" --include_path="D:/example/common/" --include_path="D:/simplelink/" --include_path="D:/simplelink_extlib/provisioninglib" -g --define=cc3200 --define=ccs --diag_wrap=off --diag_warning=225 --display_error_number --printf_support=full --preproc_with_compile --preproc_dependency="network_common.d"  "D:/workspace/common/network_common.c"

>> Compilation failure
subdir_rules.mk:28: recipe for target 'network_common.obj' failed
"D:/workspace/common/network_common.c", line 42: fatal error #1965: cannot open source file "simplelink.h"
1 catastrophic error detected in the compilation of "D:/workspace/common/network_common.c".
Compilation terminated.
gmake: *** [network_common.obj] Error 1
'Building file: ../pinmux.c'
'Invoking: ARM Compiler'
"C:/TI/ccsv6/tools/compiler/arm_15.12.3.LTS/bin/armcl" -mv7M4 --code_state=16 --float_support=vfplib --abi=eabi -me --include_path="C:/TI/ccsv6/tools/compiler/arm_15.12.3.LTS/include" --include_path="D:/inc" --include_path="D:/driverlib" --include_path="D:/simplelink/source" --include_path="D:/simplelink/include" --include_path="D:/middleware/framework/pm/" --include_path="D:/middleware/soc/" --include_path="D:/" --include_path="D:/example/common/" --include_path="D:/simplelink/" --include_path="D:/simplelink_extlib/provisioninglib" -g --define=cc3200 --define=ccs --diag_wrap=off --diag_warning=225 --display_error_number --printf_support=full --preproc_with_compile --preproc_dependency="pinmux.d"  "../pinmux.c"

>> Compilation failure
subdir_rules.mk:35: recipe for target 'pinmux.obj' failed
"../pinmux.c", line 45: fatal error #1965: cannot open source file "hw_types.h"
1 catastrophic error detected in the compilation of "../pinmux.c".
Compilation terminated.
gmake: *** [pinmux.obj] Error 1
gmake: *** No rule to make target 'D:/example/common/startup_ccs.c', needed by 'startup_ccs.obj'.
gmake: *** No rule to make target 'D:/example/common/uart_if.c', needed by 'uart_if.obj'.
gmake: *** No rule to make target 'D:/example/common/udma_if.c', needed by 'udma_if.obj'.
gmake: *** No rule to make target 'D:/example/common/utils_if.c', needed by 'utils_if.obj'.
gmake: *** No rule to make target 'D:/example/common/wdt_if.c', needed by 'wdt_if.obj'.
gmake: Target 'all' not remade because of errors.

**** Build Finished ****
