
**** Build of configuration Release for project ProjectV1 ****

"C:\\TI\\ccsv6\\utils\\bin\\gmake" -k all 
'Building file: ../SimpleLinkFunctions.c'
'Invoking: ARM Compiler'
"C:/TI/ccsv6/tools/compiler/arm_15.12.3.LTS/bin/armcl" -mv7M4 --code_state=16 --float_support=vfplib --abi=eabi -me --opt_for_speed=0 --include_path="C:/TI/ccsv6/tools/compiler/arm_15.12.3.LTS/include" --include_path="C:/ti/CC3200SDK_1.2.0/cc3200-sdk/netapps/" --include_path="C:/ti/CC3200SDK_1.2.0/cc3200-sdk/netapps/json/" --include_path="C:/ti/CC3200SDK_1.2.0/cc3200-sdk/driverlib/" --include_path="C:/ti/CC3200SDK_1.2.0/cc3200-sdk/inc/" --include_path="C:/ti/CC3200SDK_1.2.0/cc3200-sdk/example/common" --include_path="C:/ti/CC3200SDK_1.2.0/cc3200-sdk/simplelink/" --include_path="C:/ti/CC3200SDK_1.2.0/cc3200-sdk/simplelink/source" --include_path="C:/ti/CC3200SDK_1.2.0/cc3200-sdk/simplelink/include" --include_path="C:/ti/CC3200SDK_1.2.0/cc3200-sdk/simplelink_extlib/provisioninglib" -g --define=cc3200 --define=__SL__ --define=ccs --diag_wrap=off --diag_warning=225 --display_error_number --preproc_with_compile --preproc_dependency="SimpleLinkFunctions.d"  "../SimpleLinkFunctions.c"
'Finished building: ../SimpleLinkFunctions.c'
' '
'Building file: C:/TI/CC3200SDK_1.2.0/cc3200-sdk/example/common/gpio_if.c'
'Invoking: ARM Compiler'
"C:/TI/ccsv6/tools/compiler/arm_15.12.3.LTS/bin/armcl" -mv7M4 --code_state=16 --float_support=vfplib --abi=eabi -me --opt_for_speed=0 --include_path="C:/TI/ccsv6/tools/compiler/arm_15.12.3.LTS/include" --include_path="C:/ti/CC3200SDK_1.2.0/cc3200-sdk/netapps/" --include_path="C:/ti/CC3200SDK_1.2.0/cc3200-sdk/netapps/json/" --include_path="C:/ti/CC3200SDK_1.2.0/cc3200-sdk/driverlib/" --include_path="C:/ti/CC3200SDK_1.2.0/cc3200-sdk/inc/" --include_path="C:/ti/CC3200SDK_1.2.0/cc3200-sdk/example/common" --include_path="C:/ti/CC3200SDK_1.2.0/cc3200-sdk/simplelink/" --include_path="C:/ti/CC3200SDK_1.2.0/cc3200-sdk/simplelink/source" --include_path="C:/ti/CC3200SDK_1.2.0/cc3200-sdk/simplelink/include" --include_path="C:/ti/CC3200SDK_1.2.0/cc3200-sdk/simplelink_extlib/provisioninglib" -g --define=cc3200 --define=__SL__ --define=ccs --diag_wrap=off --diag_warning=225 --display_error_number --preproc_with_compile --preproc_dependency="gpio_if.d"  "C:/TI/CC3200SDK_1.2.0/cc3200-sdk/example/common/gpio_if.c"
'Finished building: C:/TI/CC3200SDK_1.2.0/cc3200-sdk/example/common/gpio_if.c'
' '
'Building file: ../main.c'
'Invoking: ARM Compiler'
"C:/TI/ccsv6/tools/compiler/arm_15.12.3.LTS/bin/armcl" -mv7M4 --code_state=16 --float_support=vfplib --abi=eabi -me --opt_for_speed=0 --include_path="C:/TI/ccsv6/tools/compiler/arm_15.12.3.LTS/include" --include_path="C:/ti/CC3200SDK_1.2.0/cc3200-sdk/netapps/" --include_path="C:/ti/CC3200SDK_1.2.0/cc3200-sdk/netapps/json/" --include_path="C:/ti/CC3200SDK_1.2.0/cc3200-sdk/driverlib/" --include_path="C:/ti/CC3200SDK_1.2.0/cc3200-sdk/inc/" --include_path="C:/ti/CC3200SDK_1.2.0/cc3200-sdk/example/common" --include_path="C:/ti/CC3200SDK_1.2.0/cc3200-sdk/simplelink/" --include_path="C:/ti/CC3200SDK_1.2.0/cc3200-sdk/simplelink/source" --include_path="C:/ti/CC3200SDK_1.2.0/cc3200-sdk/simplelink/include" --include_path="C:/ti/CC3200SDK_1.2.0/cc3200-sdk/simplelink_extlib/provisioninglib" -g --define=cc3200 --define=__SL__ --define=ccs --diag_wrap=off --diag_warning=225 --display_error_number --preproc_with_compile --preproc_dependency="main.d"  "../main.c"
'Finished building: ../main.c'
' '
'Building file: C:/TI/CC3200SDK_1.2.0/cc3200-sdk/example/common/network_common.c'
'Invoking: ARM Compiler'
"C:/TI/ccsv6/tools/compiler/arm_15.12.3.LTS/bin/armcl" -mv7M4 --code_state=16 --float_support=vfplib --abi=eabi -me --opt_for_speed=0 --include_path="C:/TI/ccsv6/tools/compiler/arm_15.12.3.LTS/include" --include_path="C:/ti/CC3200SDK_1.2.0/cc3200-sdk/netapps/" --include_path="C:/ti/CC3200SDK_1.2.0/cc3200-sdk/netapps/json/" --include_path="C:/ti/CC3200SDK_1.2.0/cc3200-sdk/driverlib/" --include_path="C:/ti/CC3200SDK_1.2.0/cc3200-sdk/inc/" --include_path="C:/ti/CC3200SDK_1.2.0/cc3200-sdk/example/common" --include_path="C:/ti/CC3200SDK_1.2.0/cc3200-sdk/simplelink/" --include_path="C:/ti/CC3200SDK_1.2.0/cc3200-sdk/simplelink/source" --include_path="C:/ti/CC3200SDK_1.2.0/cc3200-sdk/simplelink/include" --include_path="C:/ti/CC3200SDK_1.2.0/cc3200-sdk/simplelink_extlib/provisioninglib" -g --define=cc3200 --define=__SL__ --define=ccs --diag_wrap=off --diag_warning=225 --display_error_number --preproc_with_compile --preproc_dependency="network_common.d"  "C:/TI/CC3200SDK_1.2.0/cc3200-sdk/example/common/network_common.c"
'Finished building: C:/TI/CC3200SDK_1.2.0/cc3200-sdk/example/common/network_common.c'
' '
'Building file: ../pinmux.c'
'Invoking: ARM Compiler'
"C:/TI/ccsv6/tools/compiler/arm_15.12.3.LTS/bin/armcl" -mv7M4 --code_state=16 --float_support=vfplib --abi=eabi -me --opt_for_speed=0 --include_path="C:/TI/ccsv6/tools/compiler/arm_15.12.3.LTS/include" --include_path="C:/ti/CC3200SDK_1.2.0/cc3200-sdk/netapps/" --include_path="C:/ti/CC3200SDK_1.2.0/cc3200-sdk/netapps/json/" --include_path="C:/ti/CC3200SDK_1.2.0/cc3200-sdk/driverlib/" --include_path="C:/ti/CC3200SDK_1.2.0/cc3200-sdk/inc/" --include_path="C:/ti/CC3200SDK_1.2.0/cc3200-sdk/example/common" --include_path="C:/ti/CC3200SDK_1.2.0/cc3200-sdk/simplelink/" --include_path="C:/ti/CC3200SDK_1.2.0/cc3200-sdk/simplelink/source" --include_path="C:/ti/CC3200SDK_1.2.0/cc3200-sdk/simplelink/include" --include_path="C:/ti/CC3200SDK_1.2.0/cc3200-sdk/simplelink_extlib/provisioninglib" -g --define=cc3200 --define=__SL__ --define=ccs --diag_wrap=off --diag_warning=225 --display_error_number --preproc_with_compile --preproc_dependency="pinmux.d"  "../pinmux.c"
'Finished building: ../pinmux.c'
' '
'Building file: C:/TI/CC3200SDK_1.2.0/cc3200-sdk/example/common/startup_ccs.c'
'Invoking: ARM Compiler'
"C:/TI/ccsv6/tools/compiler/arm_15.12.3.LTS/bin/armcl" -mv7M4 --code_state=16 --float_support=vfplib --abi=eabi -me --opt_for_speed=0 --include_path="C:/TI/ccsv6/tools/compiler/arm_15.12.3.LTS/include" --include_path="C:/ti/CC3200SDK_1.2.0/cc3200-sdk/netapps/" --include_path="C:/ti/CC3200SDK_1.2.0/cc3200-sdk/netapps/json/" --include_path="C:/ti/CC3200SDK_1.2.0/cc3200-sdk/driverlib/" --include_path="C:/ti/CC3200SDK_1.2.0/cc3200-sdk/inc/" --include_path="C:/ti/CC3200SDK_1.2.0/cc3200-sdk/example/common" --include_path="C:/ti/CC3200SDK_1.2.0/cc3200-sdk/simplelink/" --include_path="C:/ti/CC3200SDK_1.2.0/cc3200-sdk/simplelink/source" --include_path="C:/ti/CC3200SDK_1.2.0/cc3200-sdk/simplelink/include" --include_path="C:/ti/CC3200SDK_1.2.0/cc3200-sdk/simplelink_extlib/provisioninglib" -g --define=cc3200 --define=__SL__ --define=ccs --diag_wrap=off --diag_warning=225 --display_error_number --preproc_with_compile --preproc_dependency="startup_ccs.d"  "C:/TI/CC3200SDK_1.2.0/cc3200-sdk/example/common/startup_ccs.c"
'Finished building: C:/TI/CC3200SDK_1.2.0/cc3200-sdk/example/common/startup_ccs.c'
' '
'Building file: C:/TI/CC3200SDK_1.2.0/cc3200-sdk/example/common/uart_if.c'
'Invoking: ARM Compiler'
"C:/TI/ccsv6/tools/compiler/arm_15.12.3.LTS/bin/armcl" -mv7M4 --code_state=16 --float_support=vfplib --abi=eabi -me --opt_for_speed=0 --include_path="C:/TI/ccsv6/tools/compiler/arm_15.12.3.LTS/include" --include_path="C:/ti/CC3200SDK_1.2.0/cc3200-sdk/netapps/" --include_path="C:/ti/CC3200SDK_1.2.0/cc3200-sdk/netapps/json/" --include_path="C:/ti/CC3200SDK_1.2.0/cc3200-sdk/driverlib/" --include_path="C:/ti/CC3200SDK_1.2.0/cc3200-sdk/inc/" --include_path="C:/ti/CC3200SDK_1.2.0/cc3200-sdk/example/common" --include_path="C:/ti/CC3200SDK_1.2.0/cc3200-sdk/simplelink/" --include_path="C:/ti/CC3200SDK_1.2.0/cc3200-sdk/simplelink/source" --include_path="C:/ti/CC3200SDK_1.2.0/cc3200-sdk/simplelink/include" --include_path="C:/ti/CC3200SDK_1.2.0/cc3200-sdk/simplelink_extlib/provisioninglib" -g --define=cc3200 --define=__SL__ --define=ccs --diag_wrap=off --diag_warning=225 --display_error_number --preproc_with_compile --preproc_dependency="uart_if.d"  "C:/TI/CC3200SDK_1.2.0/cc3200-sdk/example/common/uart_if.c"
'Finished building: C:/TI/CC3200SDK_1.2.0/cc3200-sdk/example/common/uart_if.c'
' '
'Building target: ProjectV1.out'
'Invoking: ARM Linker'
"C:/TI/ccsv6/tools/compiler/arm_15.12.3.LTS/bin/armcl" -mv7M4 --code_state=16 --float_support=vfplib --abi=eabi -me --opt_for_speed=0 -g --define=cc3200 --define=__SL__ --define=ccs --diag_wrap=off --diag_warning=225 --display_error_number -z -m"ProjectV1.map" --heap_size=0x800 --stack_size=0x800 -i"C:/TI/ccsv6/tools/compiler/arm_15.12.3.LTS/lib" -i"C:/TI/ccsv6/tools/compiler/arm_15.12.3.LTS/include" -i"C:/ti/CC3200SDK_1.2.0/cc3200-sdk/netapps/http/client/ccs/HTTPClientMinLib" -i"C:/ti/CC3200SDK_1.2.0/cc3200-sdk/netapps/json/ccs/Release/" --reread_libs --display_error_number --diag_wrap=off --warn_sections --xml_link_info="ProjectV1_linkInfo.xml" --rom_model -o "ProjectV1.out" "./SimpleLinkFunctions.obj" "./gpio_if.obj" "./main.obj" "./network_common.obj" "./pinmux.obj" "./startup_ccs.obj" "./uart_if.obj" "../cc3200v1p32.cmd"  -llibc.a -l"C:/ti/CC3200SDK_1.2.0/cc3200-sdk/driverlib/ccs/Release/driverlib.a" -l"C:/ti/CC3200SDK_1.2.0/cc3200-sdk/simplelink/ccs/NON_OS/simplelink.a" -lwebclient.a -ljson.a 
<Linking>
error #10008-D: cannot find file "C:/ti/CC3200SDK_1.2.0/cc3200-sdk/driverlib/ccs/Release/driverlib.a"
error #10008-D: cannot find file "json.a"

 undefined                   first referenced                                                               
  symbol                         in file                                                                    
 ---------                   ----------------                                                               
 GPIODirModeSet              ./pinmux.obj                                                                   
 GPIOIntClear                ./gpio_if.obj                                                                  
 GPIOIntEnable               ./gpio_if.obj                                                                  
 GPIOIntRegister             ./gpio_if.obj                                                                  
 GPIOIntTypeSet              ./gpio_if.obj                                                                  
 GPIOPinRead                 ./gpio_if.obj                                                                  
 GPIOPinWrite                ./gpio_if.obj                                                                  
 IntDisable                  C:/ti/CC3200SDK_1.2.0/cc3200-sdk/simplelink/ccs/NON_OS/simplelink.a<cc_pal.obj>
 IntEnable                   ./main.obj                                                                     
 IntMasterEnable             ./main.obj                                                                     
 IntPendClear                C:/ti/CC3200SDK_1.2.0/cc3200-sdk/simplelink/ccs/NON_OS/simplelink.a<cc_pal.obj>
 IntPrioritySet              ./gpio_if.obj                                                                  
 IntRegister                 C:/ti/CC3200SDK_1.2.0/cc3200-sdk/simplelink/ccs/NON_OS/simplelink.a<cc_pal.obj>
 IntUnregister               C:/ti/CC3200SDK_1.2.0/cc3200-sdk/simplelink/ccs/NON_OS/simplelink.a<cc_pal.obj>
 IntVTableBaseSet            ./main.obj                                                                     
 PRCMCC3200MCUInit           ./main.obj                                                                     
 PRCMPeripheralClkDisable    C:/ti/CC3200SDK_1.2.0/cc3200-sdk/simplelink/ccs/NON_OS/simplelink.a<cc_pal.obj>
 PRCMPeripheralClkEnable     ./pinmux.obj                                                                   
 PRCMPeripheralClockGet      ./uart_if.obj                                                                  
 PRCMPeripheralStatusGet     C:/ti/CC3200SDK_1.2.0/cc3200-sdk/simplelink/ccs/NON_OS/simplelink.a<cc_pal.obj>
 PinTypeGPIO                 ./pinmux.obj                                                                   
 PinTypeUART                 ./pinmux.obj                                                                   
 SPICSDisable                C:/ti/CC3200SDK_1.2.0/cc3200-sdk/simplelink/ccs/NON_OS/simplelink.a<cc_pal.obj>
 SPICSEnable                 C:/ti/CC3200SDK_1.2.0/cc3200-sdk/simplelink/ccs/NON_OS/simplelink.a<cc_pal.obj>
 SPIConfigSetExpClk          C:/ti/CC3200SDK_1.2.0/cc3200-sdk/simplelink/ccs/NON_OS/simplelink.a<cc_pal.obj>
 SPIDisable                  C:/ti/CC3200SDK_1.2.0/cc3200-sdk/simplelink/ccs/NON_OS/simplelink.a<cc_pal.obj>
 SPIDmaDisable               C:/ti/CC3200SDK_1.2.0/cc3200-sdk/simplelink/ccs/NON_OS/simplelink.a<cc_pal.obj>
 SPIDmaEnable                C:/ti/CC3200SDK_1.2.0/cc3200-sdk/simplelink/ccs/NON_OS/simplelink.a<cc_pal.obj>
 SPIEnable                   C:/ti/CC3200SDK_1.2.0/cc3200-sdk/simplelink/ccs/NON_OS/simplelink.a<cc_pal.obj>
 SPIFIFODisable              C:/ti/CC3200SDK_1.2.0/cc3200-sdk/simplelink/ccs/NON_OS/simplelink.a<cc_pal.obj>
 SPIFIFOEnable               C:/ti/CC3200SDK_1.2.0/cc3200-sdk/simplelink/ccs/NON_OS/simplelink.a<cc_pal.obj>
 SPIFIFOLevelSet             C:/ti/CC3200SDK_1.2.0/cc3200-sdk/simplelink/ccs/NON_OS/simplelink.a<cc_pal.obj>
 SPIIntClear                 C:/ti/CC3200SDK_1.2.0/cc3200-sdk/simplelink/ccs/NON_OS/simplelink.a<cc_pal.obj>
 SPIIntEnable                C:/ti/CC3200SDK_1.2.0/cc3200-sdk/simplelink/ccs/NON_OS/simplelink.a<cc_pal.obj>
 SPIIntUnregister            C:/ti/CC3200SDK_1.2.0/cc3200-sdk/simplelink/ccs/NON_OS/simplelink.a<cc_pal.obj>
 SPIReset                    C:/ti/CC3200SDK_1.2.0/cc3200-sdk/simplelink/ccs/NON_OS/simplelink.a<cc_pal.obj>
 SPIWordCountSet             C:/ti/CC3200SDK_1.2.0/cc3200-sdk/simplelink/ccs/NON_OS/simplelink.a<cc_pal.obj>
 UARTCharGetNonBlocking      ./uart_if.obj                                                                  
 UARTCharPut                 ./uart_if.obj                                                                  
 UARTCharsAvail              ./uart_if.obj                                                                  
 UARTConfigSetExpClk         ./uart_if.obj                                                                  
 UtilsDelay                  ./main.obj                                                                     
 jsmn_init                   ./main.obj                                                                     
 jsmn_parse                  ./main.obj                                                                     
 uDMAChannelAssign           C:/ti/CC3200SDK_1.2.0/cc3200-sdk/simplelink/ccs/NON_OS/simplelink.a<cc_pal.obj>
 uDMAChannelAttributeDisable C:/ti/CC3200SDK_1.2.0/cc3200-sdk/simplelink/ccs/NON_OS/simplelink.a<cc_pal.obj>
 uDMAChannelAttributeEnable  C:/ti/CC3200SDK_1.2.0/cc3200-sdk/simplelink/ccs/NON_OS/simplelink.a<cc_pal.obj>
 uDMAChannelControlSet       C:/ti/CC3200SDK_1.2.0/cc3200-sdk/simplelink/ccs/NON_OS/simplelink.a<cc_pal.obj>
 uDMAChannelEnable           C:/ti/CC3200SDK_1.2.0/cc3200-sdk/simplelink/ccs/NON_OS/simplelink.a<cc_pal.obj>
 uDMAChannelTransferSet      C:/ti/CC3200SDK_1.2.0/cc3200-sdk/simplelink/ccs/NON_OS/simplelink.a<cc_pal.obj>


>> Compilation failure
makefile:150: recipe for target 'ProjectV1.out' failed
error #10234-D: unresolved symbols remain
error #10010: errors encountered during linking; "ProjectV1.out" not built
gmake: *** [ProjectV1.out] Error 1
gmake: Target 'all' not remade because of errors.

**** Build Finished ****
