
**** Build of configuration Release for project serial_wifi ****

"C:\\TI\\ccsv6\\utils\\bin\\gmake" -k all 
'Building file: ../conversions.c'
'Invoking: ARM Compiler'
"C:/TI/ccsv6/tools/compiler/arm_15.12.3.LTS/bin/armcl" -mv7M4 --code_state=16 --float_support=vfplib --abi=eabi -me --include_path="C:/TI/ccsv6/tools/compiler/arm_15.12.3.LTS/include" --include_path="D:/example/common/" --include_path="D:/inc" --include_path="D:/driverlib" --include_path="D:/oslib" --include_path="D:/simplelink/" --include_path="D:/simplelink/include" --include_path="D:/simplelink/source" --include_path="D:/simplelink_extlib/provisioninglib" -g --gcc --define=__CCS__ --define=ccs --define=USE_FREERTOS --define=SL_PLATFORM_MULTI_THREADED --define=PLATFORM_LP --define=cc3200 --diag_wrap=off --diag_warning=225 --display_error_number --preproc_with_compile --preproc_dependency="conversions.d"  "../conversions.c"

>> Compilation failure
subdir_rules.mk:7: recipe for target 'conversions.obj' failed
"..\serial_wifi.h", line 16: fatal error #1965: cannot open source file "simplelink.h"
1 catastrophic error detected in the compilation of "../conversions.c".
Compilation terminated.
gmake: *** [conversions.obj] Error 1
'Building file: ../main.c'
'Invoking: ARM Compiler'
"C:/TI/ccsv6/tools/compiler/arm_15.12.3.LTS/bin/armcl" -mv7M4 --code_state=16 --float_support=vfplib --abi=eabi -me --include_path="C:/TI/ccsv6/tools/compiler/arm_15.12.3.LTS/include" --include_path="D:/example/common/" --include_path="D:/inc" --include_path="D:/driverlib" --include_path="D:/oslib" --include_path="D:/simplelink/" --include_path="D:/simplelink/include" --include_path="D:/simplelink/source" --include_path="D:/simplelink_extlib/provisioninglib" -g --gcc --define=__CCS__ --define=ccs --define=USE_FREERTOS --define=SL_PLATFORM_MULTI_THREADED --define=PLATFORM_LP --define=cc3200 --diag_wrap=off --diag_warning=225 --display_error_number --preproc_with_compile --preproc_dependency="main.d"  "../main.c"

>> Compilation failure
subdir_rules.mk:14: recipe for target 'main.obj' failed
"../main.c", line 39: fatal error #1965: cannot open source file "hw_ints.h"
1 catastrophic error detected in the compilation of "../main.c".
Compilation terminated.
gmake: *** [main.obj] Error 1
'Building file: D:/workspace/common/network_common.c'
'Invoking: ARM Compiler'
"C:/TI/ccsv6/tools/compiler/arm_15.12.3.LTS/bin/armcl" -mv7M4 --code_state=16 --float_support=vfplib --abi=eabi -me --include_path="C:/TI/ccsv6/tools/compiler/arm_15.12.3.LTS/include" --include_path="D:/example/common/" --include_path="D:/inc" --include_path="D:/driverlib" --include_path="D:/oslib" --include_path="D:/simplelink/" --include_path="D:/simplelink/include" --include_path="D:/simplelink/source" --include_path="D:/simplelink_extlib/provisioninglib" -g --gcc --define=__CCS__ --define=ccs --define=USE_FREERTOS --define=SL_PLATFORM_MULTI_THREADED --define=PLATFORM_LP --define=cc3200 --diag_wrap=off --diag_warning=225 --display_error_number --preproc_with_compile --preproc_dependency="network_common.d"  "D:/workspace/common/network_common.c"

>> Compilation failure
subdir_rules.mk:21: recipe for target 'network_common.obj' failed
"D:/workspace/common/network_common.c", line 42: fatal error #1965: cannot open source file "simplelink.h"
1 catastrophic error detected in the compilation of "D:/workspace/common/network_common.c".
Compilation terminated.
gmake: *** [network_common.obj] Error 1
gmake: *** No rule to make target 'D:/example/common/network_if.c', needed by 'network_if.obj'.
'Building file: ../pinmux.c'
'Invoking: ARM Compiler'
"C:/TI/ccsv6/tools/compiler/arm_15.12.3.LTS/bin/armcl" -mv7M4 --code_state=16 --float_support=vfplib --abi=eabi -me --include_path="C:/TI/ccsv6/tools/compiler/arm_15.12.3.LTS/include" --include_path="D:/example/common/" --include_path="D:/inc" --include_path="D:/driverlib" --include_path="D:/oslib" --include_path="D:/simplelink/" --include_path="D:/simplelink/include" --include_path="D:/simplelink/source" --include_path="D:/simplelink_extlib/provisioninglib" -g --gcc --define=__CCS__ --define=ccs --define=USE_FREERTOS --define=SL_PLATFORM_MULTI_THREADED --define=PLATFORM_LP --define=cc3200 --diag_wrap=off --diag_warning=225 --display_error_number --preproc_with_compile --preproc_dependency="pinmux.d"  "../pinmux.c"

>> Compilation failure
subdir_rules.mk:35: recipe for target 'pinmux.obj' failed
"../pinmux.c", line 45: fatal error #1965: cannot open source file "hw_types.h"
1 catastrophic error detected in the compilation of "../pinmux.c".
Compilation terminated.
gmake: *** [pinmux.obj] Error 1
'Building file: ../serial_wifi.c'
'Invoking: ARM Compiler'
"C:/TI/ccsv6/tools/compiler/arm_15.12.3.LTS/bin/armcl" -mv7M4 --code_state=16 --float_support=vfplib --abi=eabi -me --include_path="C:/TI/ccsv6/tools/compiler/arm_15.12.3.LTS/include" --include_path="D:/example/common/" --include_path="D:/inc" --include_path="D:/driverlib" --include_path="D:/oslib" --include_path="D:/simplelink/" --include_path="D:/simplelink/include" --include_path="D:/simplelink/source" --include_path="D:/simplelink_extlib/provisioninglib" -g --gcc --define=__CCS__ --define=ccs --define=USE_FREERTOS --define=SL_PLATFORM_MULTI_THREADED --define=PLATFORM_LP --define=cc3200 --diag_wrap=off --diag_warning=225 --display_error_number --preproc_with_compile --preproc_dependency="serial_wifi.d"  "../serial_wifi.c"

>> Compilation failure
subdir_rules.mk:42: recipe for target 'serial_wifi.obj' failed
"../serial_wifi.c", line 15: fatal error #1965: cannot open source file "simplelink.h"
1 catastrophic error detected in the compilation of "../serial_wifi.c".
Compilation terminated.
gmake: *** [serial_wifi.obj] Error 1
gmake: *** No rule to make target 'D:/example/common/startup_ccs.c', needed by 'startup_ccs.obj'.
'Building file: ../uart_config.c'
'Invoking: ARM Compiler'
"C:/TI/ccsv6/tools/compiler/arm_15.12.3.LTS/bin/armcl" -mv7M4 --code_state=16 --float_support=vfplib --abi=eabi -me --include_path="C:/TI/ccsv6/tools/compiler/arm_15.12.3.LTS/include" --include_path="D:/example/common/" --include_path="D:/inc" --include_path="D:/driverlib" --include_path="D:/oslib" --include_path="D:/simplelink/" --include_path="D:/simplelink/include" --include_path="D:/simplelink/source" --include_path="D:/simplelink_extlib/provisioninglib" -g --gcc --define=__CCS__ --define=ccs --define=USE_FREERTOS --define=SL_PLATFORM_MULTI_THREADED --define=PLATFORM_LP --define=cc3200 --diag_wrap=off --diag_warning=225 --display_error_number --preproc_with_compile --preproc_dependency="uart_config.d"  "../uart_config.c"

>> Compilation failure
subdir_rules.mk:56: recipe for target 'uart_config.obj' failed
"..\serial_wifi.h", line 16: fatal error #1965: cannot open source file "simplelink.h"
1 catastrophic error detected in the compilation of "../uart_config.c".
Compilation terminated.
gmake: *** [uart_config.obj] Error 1
gmake: *** No rule to make target 'D:/example/common/uart_if.c', needed by 'uart_if.obj'.
gmake: Target 'all' not remade because of errors.

**** Build Finished ****
