
**** Build of configuration Release for project tftplib ****

"C:\\TI\\ccsv6\\utils\\bin\\gmake" -k all 
'Building file: D:/workspace/netapps/tftp/client/tftp.c'
'Invoking: ARM Compiler'
"C:/TI/ccsv6/tools/compiler/arm_15.12.3.LTS/bin/armcl" -mv7M4 --code_state=16 --float_support=vfplib --abi=eabi -me --include_path="C:/TI/ccsv6/tools/compiler/arm_15.12.3.LTS/include" --include_path="D:/workspace/driverlib" --include_path="D:/workspace/inc" --include_path="D:/workspace/oslib" --include_path="D:/workspace/simplelink" --include_path="D:/workspace/simplelink/include" --include_path="D:/workspace/simplelink/source" --include_path="D:/workspace/simplelink_extlib/provisioninglib" -g --gcc --define=ccs --define=SL_PLATFORM_MULTI_THREADED --define=cc3200 --diag_wrap=off --diag_warning=225 --display_error_number --preproc_with_compile --preproc_dependency="tftp.d"  "D:/workspace/netapps/tftp/client/tftp.c"

>> Compilation failure
subdir_rules.mk:7: recipe for target 'tftp.obj' failed
"D:\workspace\simplelink\include\../user.h", line 628: fatal error #1965: cannot open source file "osi.h"
1 catastrophic error detected in the compilation of "D:/workspace/netapps/tftp/client/tftp.c".
Compilation terminated.
gmake: *** [tftp.obj] Error 1
'Building file: D:/workspace/netapps/tftp/client/tftp6.c'
'Invoking: ARM Compiler'
"C:/TI/ccsv6/tools/compiler/arm_15.12.3.LTS/bin/armcl" -mv7M4 --code_state=16 --float_support=vfplib --abi=eabi -me --include_path="C:/TI/ccsv6/tools/compiler/arm_15.12.3.LTS/include" --include_path="D:/workspace/driverlib" --include_path="D:/workspace/inc" --include_path="D:/workspace/oslib" --include_path="D:/workspace/simplelink" --include_path="D:/workspace/simplelink/include" --include_path="D:/workspace/simplelink/source" --include_path="D:/workspace/simplelink_extlib/provisioninglib" -g --gcc --define=ccs --define=SL_PLATFORM_MULTI_THREADED --define=cc3200 --diag_wrap=off --diag_warning=225 --display_error_number --preproc_with_compile --preproc_dependency="tftp6.d"  "D:/workspace/netapps/tftp/client/tftp6.c"

>> Compilation failure
subdir_rules.mk:14: recipe for target 'tftp6.obj' failed
"D:\workspace\simplelink\include\../user.h", line 628: fatal error #1965: cannot open source file "osi.h"
1 catastrophic error detected in the compilation of "D:/workspace/netapps/tftp/client/tftp6.c".
Compilation terminated.
gmake: *** [tftp6.obj] Error 1
gmake: Target 'all' not remade because of errors.

**** Build Finished ****
