
**** Build of configuration Release for project timer ****

"C:\\TI\\ccsv6\\utils\\bin\\gmake" -k all 
'Building file: C:/TI/CC3200SDK_1.2.0/cc3200-sdk/example/common/gpio_if.c'
'Invoking: ARM Compiler'
"C:/TI/ccsv6/tools/compiler/arm_15.12.3.LTS/bin/armcl" -mv7M4 --code_state=16 --float_support=vfplib --abi=eabi -me --include_path="C:/TI/ccsv6/tools/compiler/arm_15.12.3.LTS/include" --include_path="C:/TI/CC3200SDK_1.2.0/cc3200-sdk/driverlib/" --include_path="C:/TI/CC3200SDK_1.2.0/cc3200-sdk/example/common" --include_path="C:/TI/CC3200SDK_1.2.0/cc3200-sdk/inc/" -g --gcc --define=ccs --define=NON_NETWORK --define=cc3200 --diag_warning=225 --display_error_number --printf_support=full --preproc_with_compile --preproc_dependency="gpio_if.d"  "C:/TI/CC3200SDK_1.2.0/cc3200-sdk/example/common/gpio_if.c"
'Finished building: C:/TI/CC3200SDK_1.2.0/cc3200-sdk/example/common/gpio_if.c'
' '
'Building file: ../main.c'
'Invoking: ARM Compiler'
"C:/TI/ccsv6/tools/compiler/arm_15.12.3.LTS/bin/armcl" -mv7M4 --code_state=16 --float_support=vfplib --abi=eabi -me --include_path="C:/TI/ccsv6/tools/compiler/arm_15.12.3.LTS/include" --include_path="C:/TI/CC3200SDK_1.2.0/cc3200-sdk/driverlib/" --include_path="C:/TI/CC3200SDK_1.2.0/cc3200-sdk/example/common" --include_path="C:/TI/CC3200SDK_1.2.0/cc3200-sdk/inc/" -g --gcc --define=ccs --define=NON_NETWORK --define=cc3200 --diag_warning=225 --display_error_number --printf_support=full --preproc_with_compile --preproc_dependency="main.d"  "../main.c"
'Finished building: ../main.c'
' '
'Building file: ../pinmux.c'
'Invoking: ARM Compiler'
"C:/TI/ccsv6/tools/compiler/arm_15.12.3.LTS/bin/armcl" -mv7M4 --code_state=16 --float_support=vfplib --abi=eabi -me --include_path="C:/TI/ccsv6/tools/compiler/arm_15.12.3.LTS/include" --include_path="C:/TI/CC3200SDK_1.2.0/cc3200-sdk/driverlib/" --include_path="C:/TI/CC3200SDK_1.2.0/cc3200-sdk/example/common" --include_path="C:/TI/CC3200SDK_1.2.0/cc3200-sdk/inc/" -g --gcc --define=ccs --define=NON_NETWORK --define=cc3200 --diag_warning=225 --display_error_number --printf_support=full --preproc_with_compile --preproc_dependency="pinmux.d"  "../pinmux.c"
'Finished building: ../pinmux.c'
' '
'Building file: C:/TI/CC3200SDK_1.2.0/cc3200-sdk/example/common/startup_ccs.c'
'Invoking: ARM Compiler'
"C:/TI/ccsv6/tools/compiler/arm_15.12.3.LTS/bin/armcl" -mv7M4 --code_state=16 --float_support=vfplib --abi=eabi -me --include_path="C:/TI/ccsv6/tools/compiler/arm_15.12.3.LTS/include" --include_path="C:/TI/CC3200SDK_1.2.0/cc3200-sdk/driverlib/" --include_path="C:/TI/CC3200SDK_1.2.0/cc3200-sdk/example/common" --include_path="C:/TI/CC3200SDK_1.2.0/cc3200-sdk/inc/" -g --gcc --define=ccs --define=NON_NETWORK --define=cc3200 --diag_warning=225 --display_error_number --printf_support=full --preproc_with_compile --preproc_dependency="startup_ccs.d"  "C:/TI/CC3200SDK_1.2.0/cc3200-sdk/example/common/startup_ccs.c"
'Finished building: C:/TI/CC3200SDK_1.2.0/cc3200-sdk/example/common/startup_ccs.c'
' '
'Building file: C:/TI/CC3200SDK_1.2.0/cc3200-sdk/example/common/timer_if.c'
'Invoking: ARM Compiler'
"C:/TI/ccsv6/tools/compiler/arm_15.12.3.LTS/bin/armcl" -mv7M4 --code_state=16 --float_support=vfplib --abi=eabi -me --include_path="C:/TI/ccsv6/tools/compiler/arm_15.12.3.LTS/include" --include_path="C:/TI/CC3200SDK_1.2.0/cc3200-sdk/driverlib/" --include_path="C:/TI/CC3200SDK_1.2.0/cc3200-sdk/example/common" --include_path="C:/TI/CC3200SDK_1.2.0/cc3200-sdk/inc/" -g --gcc --define=ccs --define=NON_NETWORK --define=cc3200 --diag_warning=225 --display_error_number --printf_support=full --preproc_with_compile --preproc_dependency="timer_if.d"  "C:/TI/CC3200SDK_1.2.0/cc3200-sdk/example/common/timer_if.c"
'Finished building: C:/TI/CC3200SDK_1.2.0/cc3200-sdk/example/common/timer_if.c'
' '
'Building target: timer.out'
'Invoking: ARM Linker'
"C:/TI/ccsv6/tools/compiler/arm_15.12.3.LTS/bin/armcl" -mv7M4 --code_state=16 --float_support=vfplib --abi=eabi -me -g --gcc --define=ccs --define=NON_NETWORK --define=cc3200 --diag_warning=225 --display_error_number --printf_support=full -z -m"timer.map" --heap_size=0x800 --stack_size=0x800 -i"C:/TI/ccsv6/tools/compiler/arm_15.12.3.LTS/lib" -i"C:/TI/ccsv6/tools/compiler/arm_15.12.3.LTS/include" --reread_libs --display_error_number --warn_sections --xml_link_info="timer_linkInfo.xml" --rom_model -o "timer.out" "./gpio_if.obj" "./main.obj" "./pinmux.obj" "./startup_ccs.obj" "./timer_if.obj" "../cc3200v1p32.cmd"  -llibc.a -l"C:/TI/CC3200SDK_1.2.0/cc3200-sdk/driverlib/ccs/Release/driverlib.a" 
<Linking>
'Finished building target: timer.out'
' '
"C:/TI/ccsv6/utils/tiobj2bin/tiobj2bin" "timer.out" "timer.bin" "C:/TI/ccsv6/tools/compiler/arm_15.12.3.LTS/bin/armofd" "C:/TI/ccsv6/tools/compiler/arm_15.12.3.LTS/bin/armhex" "C:/TI/ccsv6/utils/tiobj2bin/mkhex4bin"
' '

**** Build Finished ****
