
**** Build of configuration HTTPClientMinLib for project webclient ****

"C:\\TI\\ccsv6\\utils\\bin\\gmake" -k all 
'Building file: D:/workspace/netapps/http/client/httpcli.c'
'Invoking: ARM Compiler'
"C:/TI/ccsv6/tools/compiler/arm_15.12.3.LTS/bin/armcl" -mv7M4 --code_state=16 --float_support=vfplib --abi=eabi -me --include_path="C:/TI/ccsv6/tools/compiler/arm_15.12.3.LTS/include" --include_path="D:/workspace/driverlib" --include_path="D:/workspace/inc" --include_path="D:/workspace/oslib" --include_path="D:/workspace/simplelink" --include_path="D:/workspace/netapps" --include_path="D:/workspace/simplelink/include" --include_path="D:/workspace/simplelink/source" --include_path="D:/workspace/simplelink_extlib/provisioninglib" -g --gcc --define=HTTPCli_LIBTYPE_MIN --define=__SL__ --define=__CCS__ --define=cc3200 --diag_wrap=off --diag_warning=225 --display_error_number --preproc_with_compile --preproc_dependency="httpcli.d"  "D:/workspace/netapps/http/client/httpcli.c"
'Finished building: D:/workspace/netapps/http/client/httpcli.c'
' '
'Building file: D:/workspace/netapps/http/client/httpstr.c'
'Invoking: ARM Compiler'
"C:/TI/ccsv6/tools/compiler/arm_15.12.3.LTS/bin/armcl" -mv7M4 --code_state=16 --float_support=vfplib --abi=eabi -me --include_path="C:/TI/ccsv6/tools/compiler/arm_15.12.3.LTS/include" --include_path="D:/workspace/driverlib" --include_path="D:/workspace/inc" --include_path="D:/workspace/oslib" --include_path="D:/workspace/simplelink" --include_path="D:/workspace/netapps" --include_path="D:/workspace/simplelink/include" --include_path="D:/workspace/simplelink/source" --include_path="D:/workspace/simplelink_extlib/provisioninglib" -g --gcc --define=HTTPCli_LIBTYPE_MIN --define=__SL__ --define=__CCS__ --define=cc3200 --diag_wrap=off --diag_warning=225 --display_error_number --preproc_with_compile --preproc_dependency="httpstr.d"  "D:/workspace/netapps/http/client/httpstr.c"
'Finished building: D:/workspace/netapps/http/client/httpstr.c'
' '
'Building file: D:/workspace/netapps/http/client/lookup.c'
'Invoking: ARM Compiler'
"C:/TI/ccsv6/tools/compiler/arm_15.12.3.LTS/bin/armcl" -mv7M4 --code_state=16 --float_support=vfplib --abi=eabi -me --include_path="C:/TI/ccsv6/tools/compiler/arm_15.12.3.LTS/include" --include_path="D:/workspace/driverlib" --include_path="D:/workspace/inc" --include_path="D:/workspace/oslib" --include_path="D:/workspace/simplelink" --include_path="D:/workspace/netapps" --include_path="D:/workspace/simplelink/include" --include_path="D:/workspace/simplelink/source" --include_path="D:/workspace/simplelink_extlib/provisioninglib" -g --gcc --define=HTTPCli_LIBTYPE_MIN --define=__SL__ --define=__CCS__ --define=cc3200 --diag_wrap=off --diag_warning=225 --display_error_number --preproc_with_compile --preproc_dependency="lookup.d"  "D:/workspace/netapps/http/client/lookup.c"
'Finished building: D:/workspace/netapps/http/client/lookup.c'
' '
'Building file: D:/workspace/netapps/http/client/ssock.c'
'Invoking: ARM Compiler'
"C:/TI/ccsv6/tools/compiler/arm_15.12.3.LTS/bin/armcl" -mv7M4 --code_state=16 --float_support=vfplib --abi=eabi -me --include_path="C:/TI/ccsv6/tools/compiler/arm_15.12.3.LTS/include" --include_path="D:/workspace/driverlib" --include_path="D:/workspace/inc" --include_path="D:/workspace/oslib" --include_path="D:/workspace/simplelink" --include_path="D:/workspace/netapps" --include_path="D:/workspace/simplelink/include" --include_path="D:/workspace/simplelink/source" --include_path="D:/workspace/simplelink_extlib/provisioninglib" -g --gcc --define=HTTPCli_LIBTYPE_MIN --define=__SL__ --define=__CCS__ --define=cc3200 --diag_wrap=off --diag_warning=225 --display_error_number --preproc_with_compile --preproc_dependency="ssock.d"  "D:/workspace/netapps/http/client/ssock.c"
'Finished building: D:/workspace/netapps/http/client/ssock.c'
' '
'Building target: webclient.a'
'Invoking: ARM Archiver'
"C:/TI/ccsv6/tools/compiler/arm_15.12.3.LTS/bin/armar" r "webclient.a" "./httpcli.obj" "./httpstr.obj" "./lookup.obj" "./ssock.obj"   
  ==>  new archive 'webclient.a'
  ==>  building archive 'webclient.a'
'Finished building target: webclient.a'
' '

**** Build Finished ****
