
**** Build of configuration Release for project webserver ****

"C:\\TI\\ccsv6\\utils\\bin\\gmake" -k all 
'Building file: D:/workspace/netapps/http/server/HttpAuth.c'
'Invoking: ARM Compiler'
"C:/TI/ccsv6/tools/compiler/arm_15.12.3.LTS/bin/armcl" -mv7M4 --code_state=16 --float_support=vfplib --abi=eabi -me --include_path="C:/TI/ccsv6/tools/compiler/arm_15.12.3.LTS/include" --include_path="D:/workspace/driverlib" --include_path="D:/workspace/inc" --include_path="D:/workspace/oslib" --include_path="D:/workspace/simplelink" --include_path="D:/workspace/simplelink/include" --include_path="D:/workspace/simplelink/source" --include_path="D:/workspace/simplelink_extlib/provisioninglib" -g --gcc --define=SL_PLATFORM_MULTI_THREADED --define=NOTERM --define=__CCS__ --define=cc3200 --diag_wrap=off --diag_warning=225 --display_error_number --preproc_with_compile --preproc_dependency="HttpAuth.d"  "D:/workspace/netapps/http/server/HttpAuth.c"
'Finished building: D:/workspace/netapps/http/server/HttpAuth.c'
' '
'Building file: D:/workspace/netapps/http/server/HttpCore.c'
'Invoking: ARM Compiler'
"C:/TI/ccsv6/tools/compiler/arm_15.12.3.LTS/bin/armcl" -mv7M4 --code_state=16 --float_support=vfplib --abi=eabi -me --include_path="C:/TI/ccsv6/tools/compiler/arm_15.12.3.LTS/include" --include_path="D:/workspace/driverlib" --include_path="D:/workspace/inc" --include_path="D:/workspace/oslib" --include_path="D:/workspace/simplelink" --include_path="D:/workspace/simplelink/include" --include_path="D:/workspace/simplelink/source" --include_path="D:/workspace/simplelink_extlib/provisioninglib" -g --gcc --define=SL_PLATFORM_MULTI_THREADED --define=NOTERM --define=__CCS__ --define=cc3200 --diag_wrap=off --diag_warning=225 --display_error_number --preproc_with_compile --preproc_dependency="HttpCore.d"  "D:/workspace/netapps/http/server/HttpCore.c"

>> Compilation failure
subdir_rules.mk:14: recipe for target 'HttpCore.obj' failed
"D:/workspace/netapps/http/server/HttpCore.c", line 42: fatal error #1965: cannot open source file "osi.h"
1 catastrophic error detected in the compilation of "D:/workspace/netapps/http/server/HttpCore.c".
Compilation terminated.
gmake: *** [HttpCore.obj] Error 1
'Building file: D:/workspace/netapps/http/server/HttpDebug.c'
'Invoking: ARM Compiler'
"C:/TI/ccsv6/tools/compiler/arm_15.12.3.LTS/bin/armcl" -mv7M4 --code_state=16 --float_support=vfplib --abi=eabi -me --include_path="C:/TI/ccsv6/tools/compiler/arm_15.12.3.LTS/include" --include_path="D:/workspace/driverlib" --include_path="D:/workspace/inc" --include_path="D:/workspace/oslib" --include_path="D:/workspace/simplelink" --include_path="D:/workspace/simplelink/include" --include_path="D:/workspace/simplelink/source" --include_path="D:/workspace/simplelink_extlib/provisioninglib" -g --gcc --define=SL_PLATFORM_MULTI_THREADED --define=NOTERM --define=__CCS__ --define=cc3200 --diag_wrap=off --diag_warning=225 --display_error_number --preproc_with_compile --preproc_dependency="HttpDebug.d"  "D:/workspace/netapps/http/server/HttpDebug.c"
'Finished building: D:/workspace/netapps/http/server/HttpDebug.c'
' '
'Building file: D:/workspace/netapps/http/server/HttpDynamic.c'
'Invoking: ARM Compiler'
"C:/TI/ccsv6/tools/compiler/arm_15.12.3.LTS/bin/armcl" -mv7M4 --code_state=16 --float_support=vfplib --abi=eabi -me --include_path="C:/TI/ccsv6/tools/compiler/arm_15.12.3.LTS/include" --include_path="D:/workspace/driverlib" --include_path="D:/workspace/inc" --include_path="D:/workspace/oslib" --include_path="D:/workspace/simplelink" --include_path="D:/workspace/simplelink/include" --include_path="D:/workspace/simplelink/source" --include_path="D:/workspace/simplelink_extlib/provisioninglib" -g --gcc --define=SL_PLATFORM_MULTI_THREADED --define=NOTERM --define=__CCS__ --define=cc3200 --diag_wrap=off --diag_warning=225 --display_error_number --preproc_with_compile --preproc_dependency="HttpDynamic.d"  "D:/workspace/netapps/http/server/HttpDynamic.c"
'Finished building: D:/workspace/netapps/http/server/HttpDynamic.c'
' '
'Building file: D:/workspace/netapps/http/server/HttpSocket.c'
'Invoking: ARM Compiler'
"C:/TI/ccsv6/tools/compiler/arm_15.12.3.LTS/bin/armcl" -mv7M4 --code_state=16 --float_support=vfplib --abi=eabi -me --include_path="C:/TI/ccsv6/tools/compiler/arm_15.12.3.LTS/include" --include_path="D:/workspace/driverlib" --include_path="D:/workspace/inc" --include_path="D:/workspace/oslib" --include_path="D:/workspace/simplelink" --include_path="D:/workspace/simplelink/include" --include_path="D:/workspace/simplelink/source" --include_path="D:/workspace/simplelink_extlib/provisioninglib" -g --gcc --define=SL_PLATFORM_MULTI_THREADED --define=NOTERM --define=__CCS__ --define=cc3200 --diag_wrap=off --diag_warning=225 --display_error_number --preproc_with_compile --preproc_dependency="HttpSocket.d"  "D:/workspace/netapps/http/server/HttpSocket.c"

>> Compilation failure
subdir_rules.mk:35: recipe for target 'HttpSocket.obj' failed
"D:\workspace\simplelink\include\../user.h", line 628: fatal error #1965: cannot open source file "osi.h"
1 catastrophic error detected in the compilation of "D:/workspace/netapps/http/server/HttpSocket.c".
Compilation terminated.
gmake: *** [HttpSocket.obj] Error 1
'Building file: D:/workspace/netapps/http/server/HttpStatic.c'
'Invoking: ARM Compiler'
"C:/TI/ccsv6/tools/compiler/arm_15.12.3.LTS/bin/armcl" -mv7M4 --code_state=16 --float_support=vfplib --abi=eabi -me --include_path="C:/TI/ccsv6/tools/compiler/arm_15.12.3.LTS/include" --include_path="D:/workspace/driverlib" --include_path="D:/workspace/inc" --include_path="D:/workspace/oslib" --include_path="D:/workspace/simplelink" --include_path="D:/workspace/simplelink/include" --include_path="D:/workspace/simplelink/source" --include_path="D:/workspace/simplelink_extlib/provisioninglib" -g --gcc --define=SL_PLATFORM_MULTI_THREADED --define=NOTERM --define=__CCS__ --define=cc3200 --diag_wrap=off --diag_warning=225 --display_error_number --preproc_with_compile --preproc_dependency="HttpStatic.d"  "D:/workspace/netapps/http/server/HttpStatic.c"

>> Compilation failure
subdir_rules.mk:42: recipe for target 'HttpStatic.obj' failed
"D:\workspace\simplelink\include\../user.h", line 628: fatal error #1965: cannot open source file "osi.h"
1 catastrophic error detected in the compilation of "D:/workspace/netapps/http/server/HttpStatic.c".
Compilation terminated.
gmake: *** [HttpStatic.obj] Error 1
'Building file: D:/workspace/netapps/http/server/HttpString.c'
'Invoking: ARM Compiler'
"C:/TI/ccsv6/tools/compiler/arm_15.12.3.LTS/bin/armcl" -mv7M4 --code_state=16 --float_support=vfplib --abi=eabi -me --include_path="C:/TI/ccsv6/tools/compiler/arm_15.12.3.LTS/include" --include_path="D:/workspace/driverlib" --include_path="D:/workspace/inc" --include_path="D:/workspace/oslib" --include_path="D:/workspace/simplelink" --include_path="D:/workspace/simplelink/include" --include_path="D:/workspace/simplelink/source" --include_path="D:/workspace/simplelink_extlib/provisioninglib" -g --gcc --define=SL_PLATFORM_MULTI_THREADED --define=NOTERM --define=__CCS__ --define=cc3200 --diag_wrap=off --diag_warning=225 --display_error_number --preproc_with_compile --preproc_dependency="HttpString.d"  "D:/workspace/netapps/http/server/HttpString.c"
'Finished building: D:/workspace/netapps/http/server/HttpString.c'
' '
'Building file: D:/workspace/netapps/http/server/WebSockHandler.c'
'Invoking: ARM Compiler'
"C:/TI/ccsv6/tools/compiler/arm_15.12.3.LTS/bin/armcl" -mv7M4 --code_state=16 --float_support=vfplib --abi=eabi -me --include_path="C:/TI/ccsv6/tools/compiler/arm_15.12.3.LTS/include" --include_path="D:/workspace/driverlib" --include_path="D:/workspace/inc" --include_path="D:/workspace/oslib" --include_path="D:/workspace/simplelink" --include_path="D:/workspace/simplelink/include" --include_path="D:/workspace/simplelink/source" --include_path="D:/workspace/simplelink_extlib/provisioninglib" -g --gcc --define=SL_PLATFORM_MULTI_THREADED --define=NOTERM --define=__CCS__ --define=cc3200 --diag_wrap=off --diag_warning=225 --display_error_number --preproc_with_compile --preproc_dependency="WebSockHandler.d"  "D:/workspace/netapps/http/server/WebSockHandler.c"

>> Compilation failure
subdir_rules.mk:56: recipe for target 'WebSockHandler.obj' failed
"D:/workspace/netapps/http/server/WebSockHandler.c", line 31: fatal error #1965: cannot open source file "osi.h"
1 catastrophic error detected in the compilation of "D:/workspace/netapps/http/server/WebSockHandler.c".
Compilation terminated.
gmake: *** [WebSockHandler.obj] Error 1
'Building file: D:/workspace/netapps/http/server/base64.c'
'Invoking: ARM Compiler'
"C:/TI/ccsv6/tools/compiler/arm_15.12.3.LTS/bin/armcl" -mv7M4 --code_state=16 --float_support=vfplib --abi=eabi -me --include_path="C:/TI/ccsv6/tools/compiler/arm_15.12.3.LTS/include" --include_path="D:/workspace/driverlib" --include_path="D:/workspace/inc" --include_path="D:/workspace/oslib" --include_path="D:/workspace/simplelink" --include_path="D:/workspace/simplelink/include" --include_path="D:/workspace/simplelink/source" --include_path="D:/workspace/simplelink_extlib/provisioninglib" -g --gcc --define=SL_PLATFORM_MULTI_THREADED --define=NOTERM --define=__CCS__ --define=cc3200 --diag_wrap=off --diag_warning=225 --display_error_number --preproc_with_compile --preproc_dependency="base64.d"  "D:/workspace/netapps/http/server/base64.c"
'Finished building: D:/workspace/netapps/http/server/base64.c'
' '
'Building file: D:/workspace/netapps/http/server/sha1.c'
'Invoking: ARM Compiler'
"C:/TI/ccsv6/tools/compiler/arm_15.12.3.LTS/bin/armcl" -mv7M4 --code_state=16 --float_support=vfplib --abi=eabi -me --include_path="C:/TI/ccsv6/tools/compiler/arm_15.12.3.LTS/include" --include_path="D:/workspace/driverlib" --include_path="D:/workspace/inc" --include_path="D:/workspace/oslib" --include_path="D:/workspace/simplelink" --include_path="D:/workspace/simplelink/include" --include_path="D:/workspace/simplelink/source" --include_path="D:/workspace/simplelink_extlib/provisioninglib" -g --gcc --define=SL_PLATFORM_MULTI_THREADED --define=NOTERM --define=__CCS__ --define=cc3200 --diag_wrap=off --diag_warning=225 --display_error_number --preproc_with_compile --preproc_dependency="sha1.d"  "D:/workspace/netapps/http/server/sha1.c"

>> Compilation failure
subdir_rules.mk:70: recipe for target 'sha1.obj' failed
"D:/workspace/netapps/http/server/sha1.c", line 26: fatal error #1965: cannot open source file "hw_shamd5.h"
1 catastrophic error detected in the compilation of "D:/workspace/netapps/http/server/sha1.c".
Compilation terminated.
gmake: *** [sha1.obj] Error 1
'Building file: D:/workspace/netapps/http/server/strlib.c'
'Invoking: ARM Compiler'
"C:/TI/ccsv6/tools/compiler/arm_15.12.3.LTS/bin/armcl" -mv7M4 --code_state=16 --float_support=vfplib --abi=eabi -me --include_path="C:/TI/ccsv6/tools/compiler/arm_15.12.3.LTS/include" --include_path="D:/workspace/driverlib" --include_path="D:/workspace/inc" --include_path="D:/workspace/oslib" --include_path="D:/workspace/simplelink" --include_path="D:/workspace/simplelink/include" --include_path="D:/workspace/simplelink/source" --include_path="D:/workspace/simplelink_extlib/provisioninglib" -g --gcc --define=SL_PLATFORM_MULTI_THREADED --define=NOTERM --define=__CCS__ --define=cc3200 --diag_wrap=off --diag_warning=225 --display_error_number --preproc_with_compile --preproc_dependency="strlib.d"  "D:/workspace/netapps/http/server/strlib.c"
'Finished building: D:/workspace/netapps/http/server/strlib.c'
' '
gmake: Target 'all' not remade because of errors.

**** Build Finished ****
